<?xml version="1.0" encoding="UTF-8"?>
<coverage generated="1702540895670" clover="3.2.0">
  <project timestamp="1702540895670" name="All files">
    <metrics statements="206" coveredstatements="206" conditionals="99" coveredconditionals="99" methods="57" coveredmethods="57" elements="362" coveredelements="362" complexity="0" loc="206" ncloc="206" packages="7" files="13" classes="13"/>
    <package name="array">
      <metrics statements="25" coveredstatements="25" conditionals="24" coveredconditionals="24" methods="1" coveredmethods="1"/>
      <file name="main.js" path="/home/jay/Desktop/trial/array/main.js">
        <metrics statements="25" coveredstatements="25" conditionals="24" coveredconditionals="24" methods="1" coveredmethods="1"/>
        <line num="1" count="7" type="stmt"/>
        <line num="2" count="7" type="stmt"/>
        <line num="3" count="7" type="stmt"/>
        <line num="4" count="7" type="stmt"/>
        <line num="5" count="7" type="stmt"/>
        <line num="6" count="7" type="stmt"/>
        <line num="7" count="7" type="stmt"/>
        <line num="8" count="7" type="stmt"/>
        <line num="9" count="7" type="stmt"/>
        <line num="10" count="7" type="stmt"/>
        <line num="27" count="7" type="cond" truecount="2" falsecount="0"/>
        <line num="28" count="99" type="cond" truecount="2" falsecount="0"/>
        <line num="29" count="1" type="stmt"/>
        <line num="33" count="98" type="cond" truecount="2" falsecount="0"/>
        <line num="34" count="42" type="cond" truecount="2" falsecount="0"/>
        <line num="35" count="39" type="cond" truecount="2" falsecount="0"/>
        <line num="38" count="29" type="cond" truecount="2" falsecount="0"/>
        <line num="39" count="26" type="cond" truecount="2" falsecount="0"/>
        <line num="40" count="23" type="cond" truecount="2" falsecount="0"/>
        <line num="43" count="20" type="cond" truecount="2" falsecount="0"/>
        <line num="44" count="15" type="cond" truecount="2" falsecount="0"/>
        <line num="47" count="10" type="cond" truecount="2" falsecount="0"/>
        <line num="48" count="5" type="cond" truecount="2" falsecount="0"/>
        <line num="50" count="1" type="stmt"/>
        <line num="57" count="7" type="stmt"/>
      </file>
    </package>
    <package name="array.lib.baseArray">
      <metrics statements="141" coveredstatements="141" conditionals="75" coveredconditionals="75" methods="36" coveredmethods="36"/>
      <file name="baseArray.js" path="/home/jay/Desktop/trial/array/lib/baseArray/baseArray.js">
        <metrics statements="115" coveredstatements="115" conditionals="62" coveredconditionals="62" methods="31" coveredmethods="31"/>
        <line num="76" count="98" type="stmt"/>
        <line num="77" count="98" type="stmt"/>
        <line num="78" count="98" type="stmt"/>
        <line num="79" count="98" type="stmt"/>
        <line num="80" count="97" type="stmt"/>
        <line num="83" count="97" type="stmt"/>
        <line num="84" count="97" type="stmt"/>
        <line num="95" count="1" type="stmt"/>
        <line num="104" count="61" type="stmt"/>
        <line num="113" count="1" type="stmt"/>
        <line num="122" count="1" type="stmt"/>
        <line num="132" count="105" type="stmt"/>
        <line num="134" count="105" type="cond" truecount="2" falsecount="0"/>
        <line num="135" count="32" type="stmt"/>
        <line num="136" count="32" type="cond" truecount="2" falsecount="0"/>
        <line num="137" count="1" type="stmt"/>
        <line num="140" count="105" type="stmt"/>
        <line num="151" count="63" type="cond" truecount="2" falsecount="0"/>
        <line num="152" count="63" type="cond" truecount="4" falsecount="0"/>
        <line num="153" count="61" type="stmt"/>
        <line num="164" count="3" type="cond" truecount="2" falsecount="0"/>
        <line num="165" count="3" type="cond" truecount="2" falsecount="0"/>
        <line num="166" count="3" type="cond" truecount="2" falsecount="0"/>
        <line num="167" count="3" type="stmt"/>
        <line num="178" count="65943" type="stmt"/>
        <line num="179" count="65941" type="cond" truecount="2" falsecount="0"/>
        <line num="180" count="65941" type="stmt"/>
        <line num="181" count="65941" type="stmt"/>
        <line num="191" count="87" type="cond" truecount="2" falsecount="0"/>
        <line num="192" count="86" type="stmt"/>
        <line num="194" count="86" type="stmt"/>
        <line num="204" count="102" type="stmt"/>
        <line num="205" count="101" type="cond" truecount="2" falsecount="0"/>
        <line num="206" count="101" type="stmt"/>
        <line num="207" count="4960" type="stmt"/>
        <line num="209" count="101" type="stmt"/>
        <line num="210" count="101" type="stmt"/>
        <line num="211" count="101" type="stmt"/>
        <line num="221" count="82" type="cond" truecount="2" falsecount="0"/>
        <line num="222" count="81" type="stmt"/>
        <line num="224" count="81" type="stmt"/>
        <line num="225" count="4769" type="stmt"/>
        <line num="227" count="81" type="stmt"/>
        <line num="228" count="81" type="stmt"/>
        <line num="238" count="6" type="stmt"/>
        <line num="240" count="6" type="cond" truecount="2" falsecount="0"/>
        <line num="241" count="4" type="stmt"/>
        <line num="242" count="20" type="cond" truecount="2" falsecount="0"/>
        <line num="243" count="8" type="cond" truecount="2" falsecount="0"/>
        <line num="244" count="4" type="stmt"/>
        <line num="248" count="6" type="stmt"/>
        <line num="258" count="1" type="stmt"/>
        <line num="259" count="1" type="stmt"/>
        <line num="271" count="4" type="stmt"/>
        <line num="272" count="4" type="stmt"/>
        <line num="273" count="4" type="stmt"/>
        <line num="284" count="2" type="stmt"/>
        <line num="285" count="2" type="stmt"/>
        <line num="286" count="2" type="stmt"/>
        <line num="297" count="2" type="stmt"/>
        <line num="298" count="2" type="stmt"/>
        <line num="299" count="2" type="stmt"/>
        <line num="310" count="2" type="stmt"/>
        <line num="311" count="2" type="stmt"/>
        <line num="312" count="2" type="stmt"/>
        <line num="323" count="2" type="stmt"/>
        <line num="324" count="2" type="stmt"/>
        <line num="335" count="2" type="stmt"/>
        <line num="336" count="2" type="stmt"/>
        <line num="347" count="2" type="stmt"/>
        <line num="348" count="2" type="stmt"/>
        <line num="359" count="3" type="stmt"/>
        <line num="360" count="3" type="stmt"/>
        <line num="371" count="3" type="stmt"/>
        <line num="372" count="3" type="stmt"/>
        <line num="383" count="1" type="stmt"/>
        <line num="384" count="1" type="stmt"/>
        <line num="395" count="1" type="stmt"/>
        <line num="396" count="1" type="stmt"/>
        <line num="406" count="2" type="stmt"/>
        <line num="407" count="2" type="stmt"/>
        <line num="418" count="2" type="stmt"/>
        <line num="419" count="2" type="stmt"/>
        <line num="420" count="2" type="stmt"/>
        <line num="431" count="2" type="stmt"/>
        <line num="432" count="2" type="stmt"/>
        <line num="433" count="2" type="stmt"/>
        <line num="443" count="3" type="stmt"/>
        <line num="444" count="3" type="stmt"/>
        <line num="451" count="2" type="stmt"/>
        <line num="463" count="31" type="stmt"/>
        <line num="464" count="31" type="stmt"/>
        <line num="465" count="31" type="stmt"/>
        <line num="466" count="165131" type="stmt"/>
        <line num="467" count="31" type="stmt"/>
        <line num="468" count="31" type="stmt"/>
        <line num="478" count="2" type="cond" truecount="2" falsecount="0"/>
        <line num="479" count="1" type="stmt"/>
        <line num="480" count="1" type="stmt"/>
        <line num="481" count="1" type="stmt"/>
        <line num="482" count="15" type="stmt"/>
        <line num="483" count="1" type="stmt"/>
        <line num="484" count="1" type="stmt"/>
        <line num="497" count="66164" type="cond" truecount="2" falsecount="0"/>
        <line num="498" count="66154" type="cond" truecount="2" falsecount="0"/>
        <line num="499" count="66151" type="stmt"/>
        <line num="501" count="3" type="cond" truecount="2" falsecount="0"/>
        <line num="502" count="1" type="stmt"/>
        <line num="504" count="2" type="stmt"/>
        <line num="506" count="10" type="cond" truecount="2" falsecount="0"/>
        <line num="507" count="8" type="stmt"/>
        <line num="509" count="2" type="cond" truecount="2" falsecount="0"/>
        <line num="510" count="1" type="stmt"/>
        <line num="512" count="1" type="stmt"/>
        <line num="517" count="7" type="stmt"/>
      </file>
      <file name="integerArray.js" path="/home/jay/Desktop/trial/array/lib/baseArray/integerArray.js">
        <metrics statements="26" coveredstatements="26" conditionals="13" coveredconditionals="13" methods="5" coveredmethods="5"/>
        <line num="1" count="7" type="stmt"/>
        <line num="16" count="78" type="stmt"/>
        <line num="27" count="8" type="stmt"/>
        <line num="29" count="8" type="cond" truecount="2" falsecount="0"/>
        <line num="31" count="7" type="stmt"/>
        <line num="32" count="7" type="stmt"/>
        <line num="33" count="7" type="stmt"/>
        <line num="34" count="131619" type="cond" truecount="2" falsecount="0"/>
        <line num="35" count="35" type="stmt"/>
        <line num="36" count="131584" type="cond" truecount="2" falsecount="0"/>
        <line num="37" count="13" type="stmt"/>
        <line num="41" count="7" type="stmt"/>
        <line num="43" count="7" type="cond" truecount="2" falsecount="0"/>
        <line num="44" count="3" type="stmt"/>
        <line num="49" count="6" type="cond" truecount="2" falsecount="0"/>
        <line num="50" count="2" type="stmt"/>
        <line num="51" count="4" type="cond" truecount="2" falsecount="0"/>
        <line num="52" count="2" type="stmt"/>
        <line num="54" count="2" type="stmt"/>
        <line num="56" count="131616" type="stmt"/>
        <line num="57" count="6" type="stmt"/>
        <line num="58" count="6" type="stmt"/>
        <line num="59" count="65811" type="stmt"/>
        <line num="60" count="131616" type="stmt"/>
        <line num="63" count="6" type="stmt"/>
        <line num="67" count="7" type="stmt"/>
      </file>
    </package>
    <package name="array.lib.bigint">
      <metrics statements="4" coveredstatements="4" conditionals="0" coveredconditionals="0" methods="2" coveredmethods="2"/>
      <file name="byte8.js" path="/home/jay/Desktop/trial/array/lib/bigint/byte8.js">
        <metrics statements="4" coveredstatements="4" conditionals="0" coveredconditionals="0" methods="2" coveredmethods="2"/>
        <line num="1" count="7" type="stmt"/>
        <line num="13" count="5" type="stmt"/>
        <line num="23" count="7" type="stmt"/>
        <line num="27" count="7" type="stmt"/>
      </file>
    </package>
    <package name="array.lib.biguint">
      <metrics statements="4" coveredstatements="4" conditionals="0" coveredconditionals="0" methods="2" coveredmethods="2"/>
      <file name="byte8.js" path="/home/jay/Desktop/trial/array/lib/biguint/byte8.js">
        <metrics statements="4" coveredstatements="4" conditionals="0" coveredconditionals="0" methods="2" coveredmethods="2"/>
        <line num="1" count="7" type="stmt"/>
        <line num="13" count="4" type="stmt"/>
        <line num="23" count="6" type="stmt"/>
        <line num="27" count="7" type="stmt"/>
      </file>
    </package>
    <package name="array.lib.float">
      <metrics statements="8" coveredstatements="8" conditionals="0" coveredconditionals="0" methods="4" coveredmethods="4"/>
      <file name="byte4.js" path="/home/jay/Desktop/trial/array/lib/float/byte4.js">
        <metrics statements="4" coveredstatements="4" conditionals="0" coveredconditionals="0" methods="2" coveredmethods="2"/>
        <line num="1" count="7" type="stmt"/>
        <line num="13" count="5" type="stmt"/>
        <line num="23" count="8" type="stmt"/>
        <line num="27" count="7" type="stmt"/>
      </file>
      <file name="byte8.js" path="/home/jay/Desktop/trial/array/lib/float/byte8.js">
        <metrics statements="4" coveredstatements="4" conditionals="0" coveredconditionals="0" methods="2" coveredmethods="2"/>
        <line num="1" count="7" type="stmt"/>
        <line num="13" count="5" type="stmt"/>
        <line num="23" count="8" type="stmt"/>
        <line num="27" count="7" type="stmt"/>
      </file>
    </package>
    <package name="array.lib.int">
      <metrics statements="12" coveredstatements="12" conditionals="0" coveredconditionals="0" methods="6" coveredmethods="6"/>
      <file name="byte1.js" path="/home/jay/Desktop/trial/array/lib/int/byte1.js">
        <metrics statements="4" coveredstatements="4" conditionals="0" coveredconditionals="0" methods="2" coveredmethods="2"/>
        <line num="1" count="7" type="stmt"/>
        <line num="13" count="56" type="stmt"/>
        <line num="23" count="107" type="stmt"/>
        <line num="27" count="7" type="stmt"/>
      </file>
      <file name="byte2.js" path="/home/jay/Desktop/trial/array/lib/int/byte2.js">
        <metrics statements="4" coveredstatements="4" conditionals="0" coveredconditionals="0" methods="2" coveredmethods="2"/>
        <line num="1" count="7" type="stmt"/>
        <line num="13" count="3" type="stmt"/>
        <line num="23" count="4" type="stmt"/>
        <line num="27" count="7" type="stmt"/>
      </file>
      <file name="byte4.js" path="/home/jay/Desktop/trial/array/lib/int/byte4.js">
        <metrics statements="4" coveredstatements="4" conditionals="0" coveredconditionals="0" methods="2" coveredmethods="2"/>
        <line num="1" count="7" type="stmt"/>
        <line num="13" count="10" type="stmt"/>
        <line num="23" count="39" type="stmt"/>
        <line num="27" count="7" type="stmt"/>
      </file>
    </package>
    <package name="array.lib.uint">
      <metrics statements="12" coveredstatements="12" conditionals="0" coveredconditionals="0" methods="6" coveredmethods="6"/>
      <file name="byte1.js" path="/home/jay/Desktop/trial/array/lib/uint/byte1.js">
        <metrics statements="4" coveredstatements="4" conditionals="0" coveredconditionals="0" methods="2" coveredmethods="2"/>
        <line num="1" count="7" type="stmt"/>
        <line num="13" count="3" type="stmt"/>
        <line num="23" count="4" type="stmt"/>
        <line num="27" count="7" type="stmt"/>
      </file>
      <file name="byte2.js" path="/home/jay/Desktop/trial/array/lib/uint/byte2.js">
        <metrics statements="4" coveredstatements="4" conditionals="0" coveredconditionals="0" methods="2" coveredmethods="2"/>
        <line num="1" count="7" type="stmt"/>
        <line num="13" count="3" type="stmt"/>
        <line num="23" count="4" type="stmt"/>
        <line num="27" count="7" type="stmt"/>
      </file>
      <file name="byte4.js" path="/home/jay/Desktop/trial/array/lib/uint/byte4.js">
        <metrics statements="4" coveredstatements="4" conditionals="0" coveredconditionals="0" methods="2" coveredmethods="2"/>
        <line num="1" count="7" type="stmt"/>
        <line num="13" count="3" type="stmt"/>
        <line num="23" count="4" type="stmt"/>
        <line num="27" count="7" type="stmt"/>
      </file>
    </package>
  </project>
</coverage>
