{"/home/jay/Desktop/trial/array/main.js": {"path":"/home/jay/Desktop/trial/array/main.js","statementMap":{"0":{"start":{"line":1,"column":13},"end":{"line":1,"column":39}},"1":{"start":{"line":2,"column":14},"end":{"line":2,"column":40}},"2":{"start":{"line":3,"column":14},"end":{"line":3,"column":40}},"3":{"start":{"line":4,"column":14},"end":{"line":4,"column":41}},"4":{"start":{"line":5,"column":15},"end":{"line":5,"column":42}},"5":{"start":{"line":6,"column":15},"end":{"line":6,"column":42}},"6":{"start":{"line":7,"column":16},"end":{"line":7,"column":44}},"7":{"start":{"line":8,"column":16},"end":{"line":8,"column":44}},"8":{"start":{"line":9,"column":17},"end":{"line":9,"column":46}},"9":{"start":{"line":10,"column":18},"end":{"line":10,"column":48}},"10":{"start":{"line":27,"column":15},"end":{"line":51,"column":1}},"11":{"start":{"line":28,"column":2},"end":{"line":30,"column":3}},"12":{"start":{"line":29,"column":4},"end":{"line":29,"column":49}},"13":{"start":{"line":33,"column":2},"end":{"line":33,"column":47}},"14":{"start":{"line":33,"column":23},"end":{"line":33,"column":47}},"15":{"start":{"line":34,"column":2},"end":{"line":34,"column":49}},"16":{"start":{"line":34,"column":24},"end":{"line":34,"column":49}},"17":{"start":{"line":35,"column":2},"end":{"line":35,"column":49}},"18":{"start":{"line":35,"column":24},"end":{"line":35,"column":49}},"19":{"start":{"line":38,"column":2},"end":{"line":38,"column":49}},"20":{"start":{"line":38,"column":24},"end":{"line":38,"column":49}},"21":{"start":{"line":39,"column":2},"end":{"line":39,"column":51}},"22":{"start":{"line":39,"column":25},"end":{"line":39,"column":51}},"23":{"start":{"line":40,"column":2},"end":{"line":40,"column":51}},"24":{"start":{"line":40,"column":25},"end":{"line":40,"column":51}},"25":{"start":{"line":43,"column":2},"end":{"line":43,"column":53}},"26":{"start":{"line":43,"column":26},"end":{"line":43,"column":53}},"27":{"start":{"line":44,"column":2},"end":{"line":44,"column":53}},"28":{"start":{"line":44,"column":26},"end":{"line":44,"column":53}},"29":{"start":{"line":47,"column":2},"end":{"line":47,"column":52}},"30":{"start":{"line":47,"column":24},"end":{"line":47,"column":52}},"31":{"start":{"line":48,"column":2},"end":{"line":48,"column":54}},"32":{"start":{"line":48,"column":25},"end":{"line":48,"column":54}},"33":{"start":{"line":50,"column":2},"end":{"line":50,"column":34}},"34":{"start":{"line":57,"column":0},"end":{"line":57,"column":26}}},"fnMap":{"0":{"name":"(anonymous_0)","decl":{"start":{"line":27,"column":15},"end":{"line":27,"column":16}},"loc":{"start":{"line":27,"column":53},"end":{"line":51,"column":1}},"line":27}},"branchMap":{"0":{"loc":{"start":{"line":27,"column":25},"end":{"line":27,"column":39}},"type":"default-arg","locations":[{"start":{"line":27,"column":32},"end":{"line":27,"column":39}}],"line":27},"1":{"loc":{"start":{"line":27,"column":41},"end":{"line":27,"column":51}},"type":"default-arg","locations":[{"start":{"line":27,"column":50},"end":{"line":27,"column":51}}],"line":27},"2":{"loc":{"start":{"line":28,"column":2},"end":{"line":30,"column":3}},"type":"if","locations":[{"start":{"line":28,"column":2},"end":{"line":30,"column":3}},{"start":{},"end":{}}],"line":28},"3":{"loc":{"start":{"line":33,"column":2},"end":{"line":33,"column":47}},"type":"if","locations":[{"start":{"line":33,"column":2},"end":{"line":33,"column":47}},{"start":{},"end":{}}],"line":33},"4":{"loc":{"start":{"line":34,"column":2},"end":{"line":34,"column":49}},"type":"if","locations":[{"start":{"line":34,"column":2},"end":{"line":34,"column":49}},{"start":{},"end":{}}],"line":34},"5":{"loc":{"start":{"line":35,"column":2},"end":{"line":35,"column":49}},"type":"if","locations":[{"start":{"line":35,"column":2},"end":{"line":35,"column":49}},{"start":{},"end":{}}],"line":35},"6":{"loc":{"start":{"line":38,"column":2},"end":{"line":38,"column":49}},"type":"if","locations":[{"start":{"line":38,"column":2},"end":{"line":38,"column":49}},{"start":{},"end":{}}],"line":38},"7":{"loc":{"start":{"line":39,"column":2},"end":{"line":39,"column":51}},"type":"if","locations":[{"start":{"line":39,"column":2},"end":{"line":39,"column":51}},{"start":{},"end":{}}],"line":39},"8":{"loc":{"start":{"line":40,"column":2},"end":{"line":40,"column":51}},"type":"if","locations":[{"start":{"line":40,"column":2},"end":{"line":40,"column":51}},{"start":{},"end":{}}],"line":40},"9":{"loc":{"start":{"line":43,"column":2},"end":{"line":43,"column":53}},"type":"if","locations":[{"start":{"line":43,"column":2},"end":{"line":43,"column":53}},{"start":{},"end":{}}],"line":43},"10":{"loc":{"start":{"line":44,"column":2},"end":{"line":44,"column":53}},"type":"if","locations":[{"start":{"line":44,"column":2},"end":{"line":44,"column":53}},{"start":{},"end":{}}],"line":44},"11":{"loc":{"start":{"line":47,"column":2},"end":{"line":47,"column":52}},"type":"if","locations":[{"start":{"line":47,"column":2},"end":{"line":47,"column":52}},{"start":{},"end":{}}],"line":47},"12":{"loc":{"start":{"line":48,"column":2},"end":{"line":48,"column":54}},"type":"if","locations":[{"start":{"line":48,"column":2},"end":{"line":48,"column":54}},{"start":{},"end":{}}],"line":48}},"s":{"0":7,"1":7,"2":7,"3":7,"4":7,"5":7,"6":7,"7":7,"8":7,"9":7,"10":7,"11":99,"12":1,"13":98,"14":56,"15":42,"16":3,"17":39,"18":10,"19":29,"20":3,"21":26,"22":3,"23":23,"24":3,"25":20,"26":5,"27":15,"28":5,"29":10,"30":5,"31":5,"32":4,"33":1,"34":7},"f":{"0":99},"b":{"0":[1],"1":[24],"2":[1,98],"3":[56,42],"4":[3,39],"5":[10,29],"6":[3,26],"7":[3,23],"8":[3,20],"9":[5,15],"10":[5,10],"11":[5,5],"12":[4,1]},"_coverageSchema":"1a1c01bbd47fc00a2c39e90264f33305004495a9","hash":"f26eb7497da1908b6d160eda968e4ad8027d0e14"}
,"/home/jay/Desktop/trial/array/lib/baseArray/baseArray.js": {"path":"/home/jay/Desktop/trial/array/lib/baseArray/baseArray.js","statementMap":{"0":{"start":{"line":76,"column":4},"end":{"line":76,"column":38}},"1":{"start":{"line":77,"column":4},"end":{"line":77,"column":34}},"2":{"start":{"line":78,"column":4},"end":{"line":78,"column":66}},"3":{"start":{"line":79,"column":4},"end":{"line":79,"column":49}},"4":{"start":{"line":80,"column":4},"end":{"line":80,"column":32}},"5":{"start":{"line":83,"column":4},"end":{"line":83,"column":21}},"6":{"start":{"line":84,"column":4},"end":{"line":84,"column":25}},"7":{"start":{"line":95,"column":4},"end":{"line":95,"column":68}},"8":{"start":{"line":104,"column":4},"end":{"line":104,"column":60}},"9":{"start":{"line":113,"column":4},"end":{"line":113,"column":36}},"10":{"start":{"line":122,"column":4},"end":{"line":122,"column":43}},"11":{"start":{"line":132,"column":4},"end":{"line":132,"column":39}},"12":{"start":{"line":134,"column":4},"end":{"line":139,"column":5}},"13":{"start":{"line":135,"column":6},"end":{"line":135,"column":30}},"14":{"start":{"line":136,"column":6},"end":{"line":138,"column":7}},"15":{"start":{"line":137,"column":8},"end":{"line":137,"column":30}},"16":{"start":{"line":140,"column":4},"end":{"line":140,"column":29}},"17":{"start":{"line":151,"column":4},"end":{"line":151,"column":40}},"18":{"start":{"line":151,"column":19},"end":{"line":151,"column":40}},"19":{"start":{"line":152,"column":4},"end":{"line":152,"column":60}},"20":{"start":{"line":152,"column":43},"end":{"line":152,"column":60}},"21":{"start":{"line":153,"column":4},"end":{"line":153,"column":28}},"22":{"start":{"line":164,"column":4},"end":{"line":164,"column":40}},"23":{"start":{"line":164,"column":19},"end":{"line":164,"column":40}},"24":{"start":{"line":165,"column":4},"end":{"line":165,"column":29}},"25":{"start":{"line":165,"column":19},"end":{"line":165,"column":29}},"26":{"start":{"line":166,"column":4},"end":{"line":166,"column":45}},"27":{"start":{"line":166,"column":27},"end":{"line":166,"column":45}},"28":{"start":{"line":167,"column":4},"end":{"line":167,"column":39}},"29":{"start":{"line":178,"column":4},"end":{"line":178,"column":39}},"30":{"start":{"line":179,"column":4},"end":{"line":179,"column":49}},"31":{"start":{"line":179,"column":36},"end":{"line":179,"column":49}},"32":{"start":{"line":180,"column":4},"end":{"line":180,"column":37}},"33":{"start":{"line":181,"column":4},"end":{"line":181,"column":17}},"34":{"start":{"line":191,"column":4},"end":{"line":191,"column":57}},"35":{"start":{"line":191,"column":27},"end":{"line":191,"column":57}},"36":{"start":{"line":192,"column":17},"end":{"line":192,"column":41}},"37":{"start":{"line":194,"column":4},"end":{"line":194,"column":18}},"38":{"start":{"line":204,"column":4},"end":{"line":204,"column":39}},"39":{"start":{"line":205,"column":4},"end":{"line":205,"column":49}},"40":{"start":{"line":205,"column":36},"end":{"line":205,"column":49}},"41":{"start":{"line":206,"column":4},"end":{"line":208,"column":5}},"42":{"start":{"line":206,"column":17},"end":{"line":206,"column":28}},"43":{"start":{"line":207,"column":6},"end":{"line":207,"column":38}},"44":{"start":{"line":209,"column":4},"end":{"line":209,"column":18}},"45":{"start":{"line":210,"column":4},"end":{"line":210,"column":25}},"46":{"start":{"line":211,"column":4},"end":{"line":211,"column":17}},"47":{"start":{"line":221,"column":4},"end":{"line":221,"column":57}},"48":{"start":{"line":221,"column":27},"end":{"line":221,"column":57}},"49":{"start":{"line":222,"column":18},"end":{"line":222,"column":30}},"50":{"start":{"line":224,"column":4},"end":{"line":226,"column":5}},"51":{"start":{"line":224,"column":17},"end":{"line":224,"column":18}},"52":{"start":{"line":225,"column":6},"end":{"line":225,"column":38}},"53":{"start":{"line":227,"column":4},"end":{"line":227,"column":18}},"54":{"start":{"line":228,"column":4},"end":{"line":228,"column":19}},"55":{"start":{"line":238,"column":14},"end":{"line":238,"column":26}},"56":{"start":{"line":240,"column":4},"end":{"line":246,"column":5}},"57":{"start":{"line":241,"column":6},"end":{"line":245,"column":8}},"58":{"start":{"line":242,"column":8},"end":{"line":244,"column":22}},"59":{"start":{"line":242,"column":19},"end":{"line":242,"column":28}},"60":{"start":{"line":243,"column":13},"end":{"line":244,"column":22}},"61":{"start":{"line":243,"column":24},"end":{"line":243,"column":34}},"62":{"start":{"line":244,"column":13},"end":{"line":244,"column":22}},"63":{"start":{"line":248,"column":4},"end":{"line":248,"column":40}},"64":{"start":{"line":258,"column":14},"end":{"line":258,"column":26}},"65":{"start":{"line":259,"column":4},"end":{"line":259,"column":25}},"66":{"start":{"line":271,"column":4},"end":{"line":271,"column":39}},"67":{"start":{"line":272,"column":14},"end":{"line":272,"column":26}},"68":{"start":{"line":273,"column":4},"end":{"line":273,"column":39}},"69":{"start":{"line":284,"column":4},"end":{"line":284,"column":55}},"70":{"start":{"line":285,"column":14},"end":{"line":285,"column":26}},"71":{"start":{"line":286,"column":4},"end":{"line":286,"column":49}},"72":{"start":{"line":297,"column":4},"end":{"line":297,"column":55}},"73":{"start":{"line":298,"column":14},"end":{"line":298,"column":26}},"74":{"start":{"line":299,"column":4},"end":{"line":299,"column":53}},"75":{"start":{"line":310,"column":4},"end":{"line":310,"column":55}},"76":{"start":{"line":311,"column":14},"end":{"line":311,"column":26}},"77":{"start":{"line":312,"column":4},"end":{"line":312,"column":50}},"78":{"start":{"line":323,"column":14},"end":{"line":323,"column":26}},"79":{"start":{"line":324,"column":4},"end":{"line":324,"column":46}},"80":{"start":{"line":335,"column":14},"end":{"line":335,"column":26}},"81":{"start":{"line":336,"column":4},"end":{"line":336,"column":45}},"82":{"start":{"line":347,"column":14},"end":{"line":347,"column":26}},"83":{"start":{"line":348,"column":4},"end":{"line":348,"column":50}},"84":{"start":{"line":359,"column":14},"end":{"line":359,"column":26}},"85":{"start":{"line":360,"column":4},"end":{"line":360,"column":42}},"86":{"start":{"line":371,"column":14},"end":{"line":371,"column":26}},"87":{"start":{"line":372,"column":4},"end":{"line":372,"column":41}},"88":{"start":{"line":383,"column":14},"end":{"line":383,"column":26}},"89":{"start":{"line":384,"column":4},"end":{"line":384,"column":43}},"90":{"start":{"line":395,"column":14},"end":{"line":395,"column":26}},"91":{"start":{"line":396,"column":4},"end":{"line":396,"column":40}},"92":{"start":{"line":406,"column":14},"end":{"line":406,"column":26}},"93":{"start":{"line":407,"column":4},"end":{"line":407,"column":37}},"94":{"start":{"line":418,"column":4},"end":{"line":418,"column":53}},"95":{"start":{"line":419,"column":14},"end":{"line":419,"column":26}},"96":{"start":{"line":420,"column":4},"end":{"line":420,"column":48}},"97":{"start":{"line":431,"column":4},"end":{"line":431,"column":53}},"98":{"start":{"line":432,"column":14},"end":{"line":432,"column":26}},"99":{"start":{"line":433,"column":4},"end":{"line":433,"column":53}},"100":{"start":{"line":443,"column":14},"end":{"line":443,"column":26}},"101":{"start":{"line":444,"column":4},"end":{"line":444,"column":31}},"102":{"start":{"line":451,"column":4},"end":{"line":451,"column":19}},"103":{"start":{"line":463,"column":4},"end":{"line":463,"column":22}},"104":{"start":{"line":464,"column":17},"end":{"line":464,"column":63}},"105":{"start":{"line":465,"column":17},"end":{"line":465,"column":43}},"106":{"start":{"line":466,"column":4},"end":{"line":466,"column":66}},"107":{"start":{"line":466,"column":17},"end":{"line":466,"column":18}},"108":{"start":{"line":466,"column":41},"end":{"line":466,"column":66}},"109":{"start":{"line":467,"column":4},"end":{"line":467,"column":26}},"110":{"start":{"line":468,"column":4},"end":{"line":468,"column":23}},"111":{"start":{"line":478,"column":4},"end":{"line":478,"column":43}},"112":{"start":{"line":478,"column":36},"end":{"line":478,"column":43}},"113":{"start":{"line":479,"column":4},"end":{"line":479,"column":43}},"114":{"start":{"line":480,"column":17},"end":{"line":480,"column":63}},"115":{"start":{"line":481,"column":17},"end":{"line":481,"column":43}},"116":{"start":{"line":482,"column":4},"end":{"line":482,"column":66}},"117":{"start":{"line":482,"column":17},"end":{"line":482,"column":18}},"118":{"start":{"line":482,"column":41},"end":{"line":482,"column":66}},"119":{"start":{"line":483,"column":4},"end":{"line":483,"column":26}},"120":{"start":{"line":484,"column":4},"end":{"line":484,"column":23}},"121":{"start":{"line":497,"column":4},"end":{"line":513,"column":5}},"122":{"start":{"line":498,"column":6},"end":{"line":500,"column":7}},"123":{"start":{"line":499,"column":8},"end":{"line":499,"column":21}},"124":{"start":{"line":501,"column":6},"end":{"line":503,"column":7}},"125":{"start":{"line":502,"column":8},"end":{"line":502,"column":29}},"126":{"start":{"line":504,"column":6},"end":{"line":504,"column":34}},"127":{"start":{"line":506,"column":6},"end":{"line":508,"column":7}},"128":{"start":{"line":507,"column":8},"end":{"line":507,"column":21}},"129":{"start":{"line":509,"column":6},"end":{"line":511,"column":7}},"130":{"start":{"line":510,"column":8},"end":{"line":510,"column":29}},"131":{"start":{"line":512,"column":6},"end":{"line":512,"column":34}},"132":{"start":{"line":517,"column":0},"end":{"line":517,"column":27}}},"fnMap":{"0":{"name":"(anonymous_0)","decl":{"start":{"line":74,"column":2},"end":{"line":74,"column":3}},"loc":{"start":{"line":74,"column":51},"end":{"line":85,"column":3}},"line":74},"1":{"name":"(anonymous_1)","decl":{"start":{"line":94,"column":2},"end":{"line":94,"column":3}},"loc":{"start":{"line":94,"column":18},"end":{"line":96,"column":3}},"line":94},"2":{"name":"(anonymous_2)","decl":{"start":{"line":103,"column":2},"end":{"line":103,"column":3}},"loc":{"start":{"line":103,"column":10},"end":{"line":105,"column":3}},"line":103},"3":{"name":"(anonymous_3)","decl":{"start":{"line":112,"column":2},"end":{"line":112,"column":3}},"loc":{"start":{"line":112,"column":12},"end":{"line":114,"column":3}},"line":112},"4":{"name":"(anonymous_4)","decl":{"start":{"line":121,"column":2},"end":{"line":121,"column":3}},"loc":{"start":{"line":121,"column":10},"end":{"line":123,"column":3}},"line":121},"5":{"name":"(anonymous_5)","decl":{"start":{"line":131,"column":2},"end":{"line":131,"column":3}},"loc":{"start":{"line":131,"column":20},"end":{"line":141,"column":3}},"line":131},"6":{"name":"(anonymous_6)","decl":{"start":{"line":150,"column":2},"end":{"line":150,"column":3}},"loc":{"start":{"line":150,"column":12},"end":{"line":154,"column":3}},"line":150},"7":{"name":"(anonymous_7)","decl":{"start":{"line":163,"column":2},"end":{"line":163,"column":3}},"loc":{"start":{"line":163,"column":38},"end":{"line":168,"column":3}},"line":163},"8":{"name":"(anonymous_8)","decl":{"start":{"line":177,"column":2},"end":{"line":177,"column":3}},"loc":{"start":{"line":177,"column":14},"end":{"line":182,"column":3}},"line":177},"9":{"name":"(anonymous_9)","decl":{"start":{"line":190,"column":2},"end":{"line":190,"column":3}},"loc":{"start":{"line":190,"column":8},"end":{"line":195,"column":3}},"line":190},"10":{"name":"(anonymous_10)","decl":{"start":{"line":203,"column":2},"end":{"line":203,"column":3}},"loc":{"start":{"line":203,"column":17},"end":{"line":212,"column":3}},"line":203},"11":{"name":"(anonymous_11)","decl":{"start":{"line":220,"column":2},"end":{"line":220,"column":3}},"loc":{"start":{"line":220,"column":10},"end":{"line":229,"column":3}},"line":220},"12":{"name":"(anonymous_12)","decl":{"start":{"line":237,"column":2},"end":{"line":237,"column":3}},"loc":{"start":{"line":237,"column":39},"end":{"line":249,"column":3}},"line":237},"13":{"name":"(anonymous_13)","decl":{"start":{"line":241,"column":27},"end":{"line":241,"column":28}},"loc":{"start":{"line":241,"column":37},"end":{"line":245,"column":7}},"line":241},"14":{"name":"(anonymous_14)","decl":{"start":{"line":257,"column":2},"end":{"line":257,"column":3}},"loc":{"start":{"line":257,"column":12},"end":{"line":260,"column":3}},"line":257},"15":{"name":"(anonymous_15)","decl":{"start":{"line":270,"column":2},"end":{"line":270,"column":3}},"loc":{"start":{"line":270,"column":44},"end":{"line":274,"column":3}},"line":270},"16":{"name":"(anonymous_16)","decl":{"start":{"line":283,"column":2},"end":{"line":283,"column":3}},"loc":{"start":{"line":283,"column":40},"end":{"line":287,"column":3}},"line":283},"17":{"name":"(anonymous_17)","decl":{"start":{"line":296,"column":2},"end":{"line":296,"column":3}},"loc":{"start":{"line":296,"column":58},"end":{"line":300,"column":3}},"line":296},"18":{"name":"(anonymous_18)","decl":{"start":{"line":309,"column":2},"end":{"line":309,"column":3}},"loc":{"start":{"line":309,"column":41},"end":{"line":313,"column":3}},"line":309},"19":{"name":"(anonymous_19)","decl":{"start":{"line":322,"column":2},"end":{"line":322,"column":3}},"loc":{"start":{"line":322,"column":45},"end":{"line":325,"column":3}},"line":322},"20":{"name":"(anonymous_20)","decl":{"start":{"line":334,"column":2},"end":{"line":334,"column":3}},"loc":{"start":{"line":334,"column":44},"end":{"line":337,"column":3}},"line":334},"21":{"name":"(anonymous_21)","decl":{"start":{"line":346,"column":2},"end":{"line":346,"column":3}},"loc":{"start":{"line":346,"column":49},"end":{"line":349,"column":3}},"line":346},"22":{"name":"(anonymous_22)","decl":{"start":{"line":358,"column":2},"end":{"line":358,"column":3}},"loc":{"start":{"line":358,"column":41},"end":{"line":361,"column":3}},"line":358},"23":{"name":"(anonymous_23)","decl":{"start":{"line":370,"column":2},"end":{"line":370,"column":3}},"loc":{"start":{"line":370,"column":40},"end":{"line":373,"column":3}},"line":370},"24":{"name":"(anonymous_24)","decl":{"start":{"line":382,"column":2},"end":{"line":382,"column":3}},"loc":{"start":{"line":382,"column":42},"end":{"line":385,"column":3}},"line":382},"25":{"name":"(anonymous_25)","decl":{"start":{"line":394,"column":2},"end":{"line":394,"column":3}},"loc":{"start":{"line":394,"column":39},"end":{"line":397,"column":3}},"line":394},"26":{"name":"(anonymous_26)","decl":{"start":{"line":405,"column":2},"end":{"line":405,"column":3}},"loc":{"start":{"line":405,"column":43},"end":{"line":408,"column":3}},"line":405},"27":{"name":"(anonymous_27)","decl":{"start":{"line":417,"column":2},"end":{"line":417,"column":3}},"loc":{"start":{"line":417,"column":39},"end":{"line":421,"column":3}},"line":417},"28":{"name":"(anonymous_28)","decl":{"start":{"line":430,"column":2},"end":{"line":430,"column":3}},"loc":{"start":{"line":430,"column":44},"end":{"line":434,"column":3}},"line":430},"29":{"name":"(anonymous_29)","decl":{"start":{"line":442,"column":2},"end":{"line":442,"column":3}},"loc":{"start":{"line":442,"column":24},"end":{"line":445,"column":3}},"line":442},"30":{"name":"(anonymous_30)","decl":{"start":{"line":450,"column":2},"end":{"line":450,"column":3}},"loc":{"start":{"line":450,"column":16},"end":{"line":452,"column":3}},"line":450}},"branchMap":{"0":{"loc":{"start":{"line":134,"column":4},"end":{"line":139,"column":5}},"type":"if","locations":[{"start":{"line":134,"column":4},"end":{"line":139,"column":5}},{"start":{},"end":{}}],"line":134},"1":{"loc":{"start":{"line":136,"column":6},"end":{"line":138,"column":7}},"type":"if","locations":[{"start":{"line":136,"column":6},"end":{"line":138,"column":7}},{"start":{},"end":{}}],"line":136},"2":{"loc":{"start":{"line":151,"column":4},"end":{"line":151,"column":40}},"type":"if","locations":[{"start":{"line":151,"column":4},"end":{"line":151,"column":40}},{"start":{},"end":{}}],"line":151},"3":{"loc":{"start":{"line":152,"column":4},"end":{"line":152,"column":60}},"type":"if","locations":[{"start":{"line":152,"column":4},"end":{"line":152,"column":60}},{"start":{},"end":{}}],"line":152},"4":{"loc":{"start":{"line":152,"column":8},"end":{"line":152,"column":41}},"type":"binary-expr","locations":[{"start":{"line":152,"column":8},"end":{"line":152,"column":17}},{"start":{"line":152,"column":21},"end":{"line":152,"column":41}}],"line":152},"5":{"loc":{"start":{"line":163,"column":8},"end":{"line":163,"column":17}},"type":"default-arg","locations":[{"start":{"line":163,"column":16},"end":{"line":163,"column":17}}],"line":163},"6":{"loc":{"start":{"line":163,"column":19},"end":{"line":163,"column":36}},"type":"default-arg","locations":[{"start":{"line":163,"column":25},"end":{"line":163,"column":36}}],"line":163},"7":{"loc":{"start":{"line":164,"column":4},"end":{"line":164,"column":40}},"type":"if","locations":[{"start":{"line":164,"column":4},"end":{"line":164,"column":40}},{"start":{},"end":{}}],"line":164},"8":{"loc":{"start":{"line":165,"column":4},"end":{"line":165,"column":29}},"type":"if","locations":[{"start":{"line":165,"column":4},"end":{"line":165,"column":29}},{"start":{},"end":{}}],"line":165},"9":{"loc":{"start":{"line":166,"column":4},"end":{"line":166,"column":45}},"type":"if","locations":[{"start":{"line":166,"column":4},"end":{"line":166,"column":45}},{"start":{},"end":{}}],"line":166},"10":{"loc":{"start":{"line":179,"column":4},"end":{"line":179,"column":49}},"type":"if","locations":[{"start":{"line":179,"column":4},"end":{"line":179,"column":49}},{"start":{},"end":{}}],"line":179},"11":{"loc":{"start":{"line":191,"column":4},"end":{"line":191,"column":57}},"type":"if","locations":[{"start":{"line":191,"column":4},"end":{"line":191,"column":57}},{"start":{},"end":{}}],"line":191},"12":{"loc":{"start":{"line":205,"column":4},"end":{"line":205,"column":49}},"type":"if","locations":[{"start":{"line":205,"column":4},"end":{"line":205,"column":49}},{"start":{},"end":{}}],"line":205},"13":{"loc":{"start":{"line":221,"column":4},"end":{"line":221,"column":57}},"type":"if","locations":[{"start":{"line":221,"column":4},"end":{"line":221,"column":57}},{"start":{},"end":{}}],"line":221},"14":{"loc":{"start":{"line":237,"column":7},"end":{"line":237,"column":37}},"type":"default-arg","locations":[{"start":{"line":237,"column":28},"end":{"line":237,"column":37}}],"line":237},"15":{"loc":{"start":{"line":240,"column":4},"end":{"line":246,"column":5}},"type":"if","locations":[{"start":{"line":240,"column":4},"end":{"line":246,"column":5}},{"start":{},"end":{}}],"line":240},"16":{"loc":{"start":{"line":242,"column":8},"end":{"line":244,"column":22}},"type":"if","locations":[{"start":{"line":242,"column":8},"end":{"line":244,"column":22}},{"start":{"line":243,"column":13},"end":{"line":244,"column":22}}],"line":242},"17":{"loc":{"start":{"line":243,"column":13},"end":{"line":244,"column":22}},"type":"if","locations":[{"start":{"line":243,"column":13},"end":{"line":244,"column":22}},{"start":{"line":244,"column":13},"end":{"line":244,"column":22}}],"line":243},"18":{"loc":{"start":{"line":270,"column":14},"end":{"line":270,"column":23}},"type":"default-arg","locations":[{"start":{"line":270,"column":22},"end":{"line":270,"column":23}}],"line":270},"19":{"loc":{"start":{"line":270,"column":25},"end":{"line":270,"column":42}},"type":"default-arg","locations":[{"start":{"line":270,"column":31},"end":{"line":270,"column":42}}],"line":270},"20":{"loc":{"start":{"line":283,"column":25},"end":{"line":283,"column":38}},"type":"default-arg","locations":[{"start":{"line":283,"column":37},"end":{"line":283,"column":38}}],"line":283},"21":{"loc":{"start":{"line":296,"column":29},"end":{"line":296,"column":56}},"type":"default-arg","locations":[{"start":{"line":296,"column":41},"end":{"line":296,"column":56}}],"line":296},"22":{"loc":{"start":{"line":309,"column":26},"end":{"line":309,"column":39}},"type":"default-arg","locations":[{"start":{"line":309,"column":38},"end":{"line":309,"column":39}}],"line":309},"23":{"loc":{"start":{"line":322,"column":24},"end":{"line":322,"column":43}},"type":"default-arg","locations":[{"start":{"line":322,"column":34},"end":{"line":322,"column":43}}],"line":322},"24":{"loc":{"start":{"line":334,"column":23},"end":{"line":334,"column":42}},"type":"default-arg","locations":[{"start":{"line":334,"column":33},"end":{"line":334,"column":42}}],"line":334},"25":{"loc":{"start":{"line":346,"column":28},"end":{"line":346,"column":47}},"type":"default-arg","locations":[{"start":{"line":346,"column":38},"end":{"line":346,"column":47}}],"line":346},"26":{"loc":{"start":{"line":358,"column":20},"end":{"line":358,"column":39}},"type":"default-arg","locations":[{"start":{"line":358,"column":30},"end":{"line":358,"column":39}}],"line":358},"27":{"loc":{"start":{"line":370,"column":19},"end":{"line":370,"column":38}},"type":"default-arg","locations":[{"start":{"line":370,"column":29},"end":{"line":370,"column":38}}],"line":370},"28":{"loc":{"start":{"line":382,"column":21},"end":{"line":382,"column":40}},"type":"default-arg","locations":[{"start":{"line":382,"column":31},"end":{"line":382,"column":40}}],"line":382},"29":{"loc":{"start":{"line":394,"column":18},"end":{"line":394,"column":37}},"type":"default-arg","locations":[{"start":{"line":394,"column":28},"end":{"line":394,"column":37}}],"line":394},"30":{"loc":{"start":{"line":405,"column":22},"end":{"line":405,"column":41}},"type":"default-arg","locations":[{"start":{"line":405,"column":32},"end":{"line":405,"column":41}}],"line":405},"31":{"loc":{"start":{"line":417,"column":21},"end":{"line":417,"column":37}},"type":"default-arg","locations":[{"start":{"line":417,"column":36},"end":{"line":417,"column":37}}],"line":417},"32":{"loc":{"start":{"line":430,"column":26},"end":{"line":430,"column":42}},"type":"default-arg","locations":[{"start":{"line":430,"column":41},"end":{"line":430,"column":42}}],"line":430},"33":{"loc":{"start":{"line":442,"column":7},"end":{"line":442,"column":22}},"type":"default-arg","locations":[{"start":{"line":442,"column":19},"end":{"line":442,"column":22}}],"line":442},"34":{"loc":{"start":{"line":462,"column":8},"end":{"line":462,"column":29}},"type":"default-arg","locations":[{"start":{"line":462,"column":15},"end":{"line":462,"column":29}}],"line":462},"35":{"loc":{"start":{"line":478,"column":4},"end":{"line":478,"column":43}},"type":"if","locations":[{"start":{"line":478,"column":4},"end":{"line":478,"column":43}},{"start":{},"end":{}}],"line":478},"36":{"loc":{"start":{"line":497,"column":4},"end":{"line":513,"column":5}},"type":"if","locations":[{"start":{"line":497,"column":4},"end":{"line":513,"column":5}},{"start":{"line":505,"column":11},"end":{"line":513,"column":5}}],"line":497},"37":{"loc":{"start":{"line":498,"column":6},"end":{"line":500,"column":7}},"type":"if","locations":[{"start":{"line":498,"column":6},"end":{"line":500,"column":7}},{"start":{},"end":{}}],"line":498},"38":{"loc":{"start":{"line":501,"column":6},"end":{"line":503,"column":7}},"type":"if","locations":[{"start":{"line":501,"column":6},"end":{"line":503,"column":7}},{"start":{},"end":{}}],"line":501},"39":{"loc":{"start":{"line":506,"column":6},"end":{"line":508,"column":7}},"type":"if","locations":[{"start":{"line":506,"column":6},"end":{"line":508,"column":7}},{"start":{},"end":{}}],"line":506},"40":{"loc":{"start":{"line":509,"column":6},"end":{"line":511,"column":7}},"type":"if","locations":[{"start":{"line":509,"column":6},"end":{"line":511,"column":7}},{"start":{},"end":{}}],"line":509}},"s":{"0":98,"1":98,"2":98,"3":98,"4":97,"5":97,"6":97,"7":1,"8":61,"9":1,"10":1,"11":105,"12":105,"13":32,"14":32,"15":1,"16":105,"17":63,"18":4,"19":63,"20":2,"21":61,"22":3,"23":1,"24":3,"25":1,"26":3,"27":1,"28":3,"29":65943,"30":65941,"31":25,"32":65941,"33":65941,"34":87,"35":1,"36":86,"37":86,"38":102,"39":101,"40":5,"41":101,"42":101,"43":4960,"44":101,"45":101,"46":101,"47":82,"48":1,"49":81,"50":81,"51":81,"52":4769,"53":81,"54":81,"55":6,"56":6,"57":4,"58":20,"59":12,"60":8,"61":4,"62":4,"63":6,"64":1,"65":1,"66":4,"67":4,"68":4,"69":2,"70":2,"71":2,"72":2,"73":2,"74":2,"75":2,"76":2,"77":2,"78":2,"79":2,"80":2,"81":2,"82":2,"83":2,"84":3,"85":3,"86":3,"87":3,"88":1,"89":1,"90":1,"91":1,"92":2,"93":2,"94":2,"95":2,"96":2,"97":2,"98":2,"99":2,"100":3,"101":3,"102":2,"103":31,"104":31,"105":31,"106":31,"107":31,"108":165131,"109":31,"110":31,"111":2,"112":1,"113":1,"114":1,"115":1,"116":1,"117":1,"118":15,"119":1,"120":1,"121":66164,"122":66154,"123":66151,"124":3,"125":1,"126":2,"127":10,"128":8,"129":2,"130":1,"131":1,"132":7},"f":{"0":98,"1":1,"2":61,"3":1,"4":1,"5":105,"6":63,"7":3,"8":65943,"9":87,"10":102,"11":82,"12":6,"13":20,"14":1,"15":4,"16":2,"17":2,"18":2,"19":2,"20":2,"21":2,"22":3,"23":3,"24":1,"25":1,"26":2,"27":2,"28":2,"29":3,"30":2},"b":{"0":[32,73],"1":[1,31],"2":[4,59],"3":[2,61],"4":[63,62],"5":[1],"6":[1],"7":[1,2],"8":[1,2],"9":[1,2],"10":[25,65916],"11":[1,86],"12":[5,96],"13":[1,81],"14":[4],"15":[4,2],"16":[12,8],"17":[4,4],"18":[4],"19":[4],"20":[2],"21":[2],"22":[2],"23":[2],"24":[2],"25":[2],"26":[3],"27":[3],"28":[1],"29":[1],"30":[2],"31":[1],"32":[1],"33":[2],"34":[30],"35":[1,1],"36":[66154,10],"37":[66151,3],"38":[1,2],"39":[8,2],"40":[1,1]},"_coverageSchema":"1a1c01bbd47fc00a2c39e90264f33305004495a9","hash":"60dca0a6fe8fce33414215a94502bd029c90ea77"}
,"/home/jay/Desktop/trial/array/lib/baseArray/integerArray.js": {"path":"/home/jay/Desktop/trial/array/lib/baseArray/integerArray.js","statementMap":{"0":{"start":{"line":1,"column":18},"end":{"line":1,"column":40}},"1":{"start":{"line":16,"column":4},"end":{"line":16,"column":47}},"2":{"start":{"line":27,"column":14},"end":{"line":27,"column":26}},"3":{"start":{"line":29,"column":4},"end":{"line":29,"column":64}},"4":{"start":{"line":29,"column":28},"end":{"line":29,"column":64}},"5":{"start":{"line":31,"column":21},"end":{"line":31,"column":27}},"6":{"start":{"line":32,"column":21},"end":{"line":32,"column":27}},"7":{"start":{"line":33,"column":4},"end":{"line":39,"column":5}},"8":{"start":{"line":33,"column":17},"end":{"line":33,"column":18}},"9":{"start":{"line":34,"column":6},"end":{"line":38,"column":7}},"10":{"start":{"line":35,"column":8},"end":{"line":35,"column":28}},"11":{"start":{"line":36,"column":13},"end":{"line":38,"column":7}},"12":{"start":{"line":37,"column":8},"end":{"line":37,"column":28}},"13":{"start":{"line":41,"column":16},"end":{"line":41,"column":43}},"14":{"start":{"line":43,"column":4},"end":{"line":45,"column":5}},"15":{"start":{"line":44,"column":6},"end":{"line":44,"column":39}},"16":{"start":{"line":44,"column":32},"end":{"line":44,"column":37}},"17":{"start":{"line":49,"column":4},"end":{"line":55,"column":5}},"18":{"start":{"line":50,"column":6},"end":{"line":50,"column":35}},"19":{"start":{"line":51,"column":11},"end":{"line":55,"column":5}},"20":{"start":{"line":52,"column":6},"end":{"line":52,"column":36}},"21":{"start":{"line":54,"column":6},"end":{"line":54,"column":36}},"22":{"start":{"line":56,"column":4},"end":{"line":56,"column":47}},"23":{"start":{"line":56,"column":23},"end":{"line":56,"column":45}},"24":{"start":{"line":57,"column":16},"end":{"line":57,"column":17}},"25":{"start":{"line":58,"column":4},"end":{"line":62,"column":7}},"26":{"start":{"line":59,"column":6},"end":{"line":61,"column":7}},"27":{"start":{"line":60,"column":8},"end":{"line":60,"column":40}},"28":{"start":{"line":63,"column":4},"end":{"line":63,"column":15}},"29":{"start":{"line":67,"column":0},"end":{"line":67,"column":30}}},"fnMap":{"0":{"name":"(anonymous_0)","decl":{"start":{"line":15,"column":2},"end":{"line":15,"column":3}},"loc":{"start":{"line":15,"column":51},"end":{"line":17,"column":3}},"line":15},"1":{"name":"(anonymous_1)","decl":{"start":{"line":26,"column":2},"end":{"line":26,"column":3}},"loc":{"start":{"line":26,"column":39},"end":{"line":64,"column":3}},"line":26},"2":{"name":"(anonymous_2)","decl":{"start":{"line":44,"column":22},"end":{"line":44,"column":23}},"loc":{"start":{"line":44,"column":32},"end":{"line":44,"column":37}},"line":44},"3":{"name":"(anonymous_3)","decl":{"start":{"line":56,"column":16},"end":{"line":56,"column":17}},"loc":{"start":{"line":56,"column":23},"end":{"line":56,"column":45}},"line":56},"4":{"name":"(anonymous_4)","decl":{"start":{"line":58,"column":17},"end":{"line":58,"column":18}},"loc":{"start":{"line":58,"column":29},"end":{"line":62,"column":5}},"line":58}},"branchMap":{"0":{"loc":{"start":{"line":26,"column":7},"end":{"line":26,"column":37}},"type":"default-arg","locations":[{"start":{"line":26,"column":28},"end":{"line":26,"column":37}}],"line":26},"1":{"loc":{"start":{"line":29,"column":4},"end":{"line":29,"column":64}},"type":"if","locations":[{"start":{"line":29,"column":4},"end":{"line":29,"column":64}},{"start":{},"end":{}}],"line":29},"2":{"loc":{"start":{"line":34,"column":6},"end":{"line":38,"column":7}},"type":"if","locations":[{"start":{"line":34,"column":6},"end":{"line":38,"column":7}},{"start":{"line":36,"column":13},"end":{"line":38,"column":7}}],"line":34},"3":{"loc":{"start":{"line":36,"column":13},"end":{"line":38,"column":7}},"type":"if","locations":[{"start":{"line":36,"column":13},"end":{"line":38,"column":7}},{"start":{},"end":{}}],"line":36},"4":{"loc":{"start":{"line":43,"column":4},"end":{"line":45,"column":5}},"type":"if","locations":[{"start":{"line":43,"column":4},"end":{"line":45,"column":5}},{"start":{},"end":{}}],"line":43},"5":{"loc":{"start":{"line":49,"column":4},"end":{"line":55,"column":5}},"type":"if","locations":[{"start":{"line":49,"column":4},"end":{"line":55,"column":5}},{"start":{"line":51,"column":11},"end":{"line":55,"column":5}}],"line":49},"6":{"loc":{"start":{"line":51,"column":11},"end":{"line":55,"column":5}},"type":"if","locations":[{"start":{"line":51,"column":11},"end":{"line":55,"column":5}},{"start":{"line":53,"column":11},"end":{"line":55,"column":5}}],"line":51}},"s":{"0":7,"1":78,"2":8,"3":8,"4":1,"5":7,"6":7,"7":7,"8":7,"9":131619,"10":35,"11":131584,"12":13,"13":7,"14":7,"15":1,"16":3,"17":6,"18":2,"19":4,"20":2,"21":2,"22":6,"23":131616,"24":6,"25":6,"26":65811,"27":131616,"28":6,"29":7},"f":{"0":78,"1":8,"2":3,"3":131616,"4":65811},"b":{"0":[7],"1":[1,7],"2":[35,131584],"3":[13,131571],"4":[1,6],"5":[2,4],"6":[2,2]},"_coverageSchema":"1a1c01bbd47fc00a2c39e90264f33305004495a9","hash":"908c70027c3007bb3c15c851b916a5ccd1482410"}
,"/home/jay/Desktop/trial/array/lib/bigint/byte8.js": {"path":"/home/jay/Desktop/trial/array/lib/bigint/byte8.js","statementMap":{"0":{"start":{"line":1,"column":18},"end":{"line":1,"column":51}},"1":{"start":{"line":13,"column":4},"end":{"line":13,"column":41}},"2":{"start":{"line":23,"column":4},"end":{"line":23,"column":25}},"3":{"start":{"line":27,"column":0},"end":{"line":27,"column":26}}},"fnMap":{"0":{"name":"(anonymous_0)","decl":{"start":{"line":12,"column":2},"end":{"line":12,"column":3}},"loc":{"start":{"line":12,"column":22},"end":{"line":14,"column":3}},"line":12},"1":{"name":"(anonymous_1)","decl":{"start":{"line":22,"column":2},"end":{"line":22,"column":3}},"loc":{"start":{"line":22,"column":18},"end":{"line":24,"column":3}},"line":22}},"branchMap":{},"s":{"0":7,"1":5,"2":7,"3":7},"f":{"0":5,"1":7},"b":{},"_coverageSchema":"1a1c01bbd47fc00a2c39e90264f33305004495a9","hash":"7dbd891151703b6179872f4051fc282b64227318"}
,"/home/jay/Desktop/trial/array/lib/biguint/byte8.js": {"path":"/home/jay/Desktop/trial/array/lib/biguint/byte8.js","statementMap":{"0":{"start":{"line":1,"column":18},"end":{"line":1,"column":51}},"1":{"start":{"line":13,"column":4},"end":{"line":13,"column":42}},"2":{"start":{"line":23,"column":4},"end":{"line":23,"column":26}},"3":{"start":{"line":27,"column":0},"end":{"line":27,"column":27}}},"fnMap":{"0":{"name":"(anonymous_0)","decl":{"start":{"line":12,"column":2},"end":{"line":12,"column":3}},"loc":{"start":{"line":12,"column":22},"end":{"line":14,"column":3}},"line":12},"1":{"name":"(anonymous_1)","decl":{"start":{"line":22,"column":2},"end":{"line":22,"column":3}},"loc":{"start":{"line":22,"column":18},"end":{"line":24,"column":3}},"line":22}},"branchMap":{},"s":{"0":7,"1":4,"2":6,"3":7},"f":{"0":4,"1":6},"b":{},"_coverageSchema":"1a1c01bbd47fc00a2c39e90264f33305004495a9","hash":"25cc0010c56fa598c59940b1b53aba7a0820a14e"}
,"/home/jay/Desktop/trial/array/lib/float/byte4.js": {"path":"/home/jay/Desktop/trial/array/lib/float/byte4.js","statementMap":{"0":{"start":{"line":1,"column":18},"end":{"line":1,"column":51}},"1":{"start":{"line":13,"column":4},"end":{"line":13,"column":42}},"2":{"start":{"line":23,"column":4},"end":{"line":23,"column":24}},"3":{"start":{"line":27,"column":0},"end":{"line":27,"column":25}}},"fnMap":{"0":{"name":"(anonymous_0)","decl":{"start":{"line":12,"column":2},"end":{"line":12,"column":3}},"loc":{"start":{"line":12,"column":22},"end":{"line":14,"column":3}},"line":12},"1":{"name":"(anonymous_1)","decl":{"start":{"line":22,"column":2},"end":{"line":22,"column":3}},"loc":{"start":{"line":22,"column":18},"end":{"line":24,"column":3}},"line":22}},"branchMap":{},"s":{"0":7,"1":5,"2":8,"3":7},"f":{"0":5,"1":8},"b":{},"_coverageSchema":"1a1c01bbd47fc00a2c39e90264f33305004495a9","hash":"6b239a301c4d94ece769f64f0ca97f7b7c9edb40"}
,"/home/jay/Desktop/trial/array/lib/float/byte8.js": {"path":"/home/jay/Desktop/trial/array/lib/float/byte8.js","statementMap":{"0":{"start":{"line":1,"column":18},"end":{"line":1,"column":51}},"1":{"start":{"line":13,"column":4},"end":{"line":13,"column":42}},"2":{"start":{"line":23,"column":4},"end":{"line":23,"column":24}},"3":{"start":{"line":27,"column":0},"end":{"line":27,"column":25}}},"fnMap":{"0":{"name":"(anonymous_0)","decl":{"start":{"line":12,"column":2},"end":{"line":12,"column":3}},"loc":{"start":{"line":12,"column":22},"end":{"line":14,"column":3}},"line":12},"1":{"name":"(anonymous_1)","decl":{"start":{"line":22,"column":2},"end":{"line":22,"column":3}},"loc":{"start":{"line":22,"column":18},"end":{"line":24,"column":3}},"line":22}},"branchMap":{},"s":{"0":7,"1":5,"2":8,"3":7},"f":{"0":5,"1":8},"b":{},"_coverageSchema":"1a1c01bbd47fc00a2c39e90264f33305004495a9","hash":"18ac359c45927b46c45c6d8e3d234e2963ec7686"}
,"/home/jay/Desktop/trial/array/lib/int/byte1.js": {"path":"/home/jay/Desktop/trial/array/lib/int/byte1.js","statementMap":{"0":{"start":{"line":1,"column":21},"end":{"line":1,"column":57}},"1":{"start":{"line":13,"column":4},"end":{"line":13,"column":39}},"2":{"start":{"line":23,"column":4},"end":{"line":23,"column":21}},"3":{"start":{"line":27,"column":0},"end":{"line":27,"column":22}}},"fnMap":{"0":{"name":"(anonymous_0)","decl":{"start":{"line":12,"column":2},"end":{"line":12,"column":3}},"loc":{"start":{"line":12,"column":22},"end":{"line":14,"column":3}},"line":12},"1":{"name":"(anonymous_1)","decl":{"start":{"line":22,"column":2},"end":{"line":22,"column":3}},"loc":{"start":{"line":22,"column":18},"end":{"line":24,"column":3}},"line":22}},"branchMap":{},"s":{"0":7,"1":56,"2":107,"3":7},"f":{"0":56,"1":107},"b":{},"_coverageSchema":"1a1c01bbd47fc00a2c39e90264f33305004495a9","hash":"93c11920d86570cfa9eeca7b99ebaf452155b1aa"}
,"/home/jay/Desktop/trial/array/lib/int/byte2.js": {"path":"/home/jay/Desktop/trial/array/lib/int/byte2.js","statementMap":{"0":{"start":{"line":1,"column":21},"end":{"line":1,"column":57}},"1":{"start":{"line":13,"column":4},"end":{"line":13,"column":40}},"2":{"start":{"line":23,"column":4},"end":{"line":23,"column":22}},"3":{"start":{"line":27,"column":0},"end":{"line":27,"column":23}}},"fnMap":{"0":{"name":"(anonymous_0)","decl":{"start":{"line":12,"column":2},"end":{"line":12,"column":3}},"loc":{"start":{"line":12,"column":22},"end":{"line":14,"column":3}},"line":12},"1":{"name":"(anonymous_1)","decl":{"start":{"line":22,"column":2},"end":{"line":22,"column":3}},"loc":{"start":{"line":22,"column":18},"end":{"line":24,"column":3}},"line":22}},"branchMap":{},"s":{"0":7,"1":3,"2":4,"3":7},"f":{"0":3,"1":4},"b":{},"_coverageSchema":"1a1c01bbd47fc00a2c39e90264f33305004495a9","hash":"71cda70581b492590e52700f31de1c3bc40e8333"}
,"/home/jay/Desktop/trial/array/lib/int/byte4.js": {"path":"/home/jay/Desktop/trial/array/lib/int/byte4.js","statementMap":{"0":{"start":{"line":1,"column":21},"end":{"line":1,"column":57}},"1":{"start":{"line":13,"column":4},"end":{"line":13,"column":40}},"2":{"start":{"line":23,"column":4},"end":{"line":23,"column":22}},"3":{"start":{"line":27,"column":0},"end":{"line":27,"column":23}}},"fnMap":{"0":{"name":"(anonymous_0)","decl":{"start":{"line":12,"column":2},"end":{"line":12,"column":3}},"loc":{"start":{"line":12,"column":22},"end":{"line":14,"column":3}},"line":12},"1":{"name":"(anonymous_1)","decl":{"start":{"line":22,"column":2},"end":{"line":22,"column":3}},"loc":{"start":{"line":22,"column":18},"end":{"line":24,"column":3}},"line":22}},"branchMap":{},"s":{"0":7,"1":10,"2":39,"3":7},"f":{"0":10,"1":39},"b":{},"_coverageSchema":"1a1c01bbd47fc00a2c39e90264f33305004495a9","hash":"02f7ab48ad18c7c8eece20e2df632ac5db131f7a"}
,"/home/jay/Desktop/trial/array/lib/uint/byte1.js": {"path":"/home/jay/Desktop/trial/array/lib/uint/byte1.js","statementMap":{"0":{"start":{"line":1,"column":21},"end":{"line":1,"column":57}},"1":{"start":{"line":13,"column":4},"end":{"line":13,"column":40}},"2":{"start":{"line":23,"column":4},"end":{"line":23,"column":22}},"3":{"start":{"line":27,"column":0},"end":{"line":27,"column":23}}},"fnMap":{"0":{"name":"(anonymous_0)","decl":{"start":{"line":12,"column":2},"end":{"line":12,"column":3}},"loc":{"start":{"line":12,"column":22},"end":{"line":14,"column":3}},"line":12},"1":{"name":"(anonymous_1)","decl":{"start":{"line":22,"column":2},"end":{"line":22,"column":3}},"loc":{"start":{"line":22,"column":18},"end":{"line":24,"column":3}},"line":22}},"branchMap":{},"s":{"0":7,"1":3,"2":4,"3":7},"f":{"0":3,"1":4},"b":{},"_coverageSchema":"1a1c01bbd47fc00a2c39e90264f33305004495a9","hash":"e2087753f94257e3c2075ab6229b6aa09ad3463a"}
,"/home/jay/Desktop/trial/array/lib/uint/byte2.js": {"path":"/home/jay/Desktop/trial/array/lib/uint/byte2.js","statementMap":{"0":{"start":{"line":1,"column":21},"end":{"line":1,"column":57}},"1":{"start":{"line":13,"column":4},"end":{"line":13,"column":41}},"2":{"start":{"line":23,"column":4},"end":{"line":23,"column":23}},"3":{"start":{"line":27,"column":0},"end":{"line":27,"column":24}}},"fnMap":{"0":{"name":"(anonymous_0)","decl":{"start":{"line":12,"column":2},"end":{"line":12,"column":3}},"loc":{"start":{"line":12,"column":22},"end":{"line":14,"column":3}},"line":12},"1":{"name":"(anonymous_1)","decl":{"start":{"line":22,"column":2},"end":{"line":22,"column":3}},"loc":{"start":{"line":22,"column":18},"end":{"line":24,"column":3}},"line":22}},"branchMap":{},"s":{"0":7,"1":3,"2":4,"3":7},"f":{"0":3,"1":4},"b":{},"_coverageSchema":"1a1c01bbd47fc00a2c39e90264f33305004495a9","hash":"917f673473b308da1ceb5e55c51a4c40638ee592"}
,"/home/jay/Desktop/trial/array/lib/uint/byte4.js": {"path":"/home/jay/Desktop/trial/array/lib/uint/byte4.js","statementMap":{"0":{"start":{"line":1,"column":21},"end":{"line":1,"column":57}},"1":{"start":{"line":13,"column":4},"end":{"line":13,"column":41}},"2":{"start":{"line":23,"column":4},"end":{"line":23,"column":23}},"3":{"start":{"line":27,"column":0},"end":{"line":27,"column":24}}},"fnMap":{"0":{"name":"(anonymous_0)","decl":{"start":{"line":12,"column":2},"end":{"line":12,"column":3}},"loc":{"start":{"line":12,"column":22},"end":{"line":14,"column":3}},"line":12},"1":{"name":"(anonymous_1)","decl":{"start":{"line":22,"column":2},"end":{"line":22,"column":3}},"loc":{"start":{"line":22,"column":18},"end":{"line":24,"column":3}},"line":22}},"branchMap":{},"s":{"0":7,"1":3,"2":4,"3":7},"f":{"0":3,"1":4},"b":{},"_coverageSchema":"1a1c01bbd47fc00a2c39e90264f33305004495a9","hash":"82e60385b301234f2efcd4eb9a21242998d1063d"}
}
