{"/home/jay/Desktop/trial/array/main.js": {"path":"/home/jay/Desktop/trial/array/main.js","statementMap":{"0":{"start":{"line":1,"column":13},"end":{"line":1,"column":39}},"1":{"start":{"line":2,"column":14},"end":{"line":2,"column":40}},"2":{"start":{"line":3,"column":14},"end":{"line":3,"column":40}},"3":{"start":{"line":4,"column":14},"end":{"line":4,"column":41}},"4":{"start":{"line":5,"column":15},"end":{"line":5,"column":42}},"5":{"start":{"line":6,"column":15},"end":{"line":6,"column":42}},"6":{"start":{"line":7,"column":16},"end":{"line":7,"column":44}},"7":{"start":{"line":8,"column":16},"end":{"line":8,"column":44}},"8":{"start":{"line":9,"column":17},"end":{"line":9,"column":46}},"9":{"start":{"line":10,"column":18},"end":{"line":10,"column":48}},"10":{"start":{"line":12,"column":17},"end":{"line":35,"column":1}},"11":{"start":{"line":13,"column":2},"end":{"line":15,"column":3}},"12":{"start":{"line":14,"column":4},"end":{"line":14,"column":49}},"13":{"start":{"line":18,"column":2},"end":{"line":18,"column":47}},"14":{"start":{"line":18,"column":23},"end":{"line":18,"column":47}},"15":{"start":{"line":19,"column":2},"end":{"line":19,"column":49}},"16":{"start":{"line":19,"column":24},"end":{"line":19,"column":49}},"17":{"start":{"line":20,"column":2},"end":{"line":20,"column":49}},"18":{"start":{"line":20,"column":24},"end":{"line":20,"column":49}},"19":{"start":{"line":23,"column":2},"end":{"line":23,"column":49}},"20":{"start":{"line":23,"column":24},"end":{"line":23,"column":49}},"21":{"start":{"line":24,"column":2},"end":{"line":24,"column":51}},"22":{"start":{"line":24,"column":25},"end":{"line":24,"column":51}},"23":{"start":{"line":25,"column":2},"end":{"line":25,"column":51}},"24":{"start":{"line":25,"column":25},"end":{"line":25,"column":51}},"25":{"start":{"line":28,"column":2},"end":{"line":28,"column":53}},"26":{"start":{"line":28,"column":26},"end":{"line":28,"column":53}},"27":{"start":{"line":29,"column":2},"end":{"line":29,"column":53}},"28":{"start":{"line":29,"column":26},"end":{"line":29,"column":53}},"29":{"start":{"line":32,"column":2},"end":{"line":32,"column":52}},"30":{"start":{"line":32,"column":24},"end":{"line":32,"column":52}},"31":{"start":{"line":33,"column":2},"end":{"line":33,"column":54}},"32":{"start":{"line":33,"column":25},"end":{"line":33,"column":54}},"33":{"start":{"line":34,"column":2},"end":{"line":34,"column":34}},"34":{"start":{"line":37,"column":0},"end":{"line":37,"column":28}}},"fnMap":{"0":{"name":"(anonymous_0)","decl":{"start":{"line":12,"column":17},"end":{"line":12,"column":18}},"loc":{"start":{"line":12,"column":55},"end":{"line":35,"column":1}},"line":12}},"branchMap":{"0":{"loc":{"start":{"line":12,"column":27},"end":{"line":12,"column":41}},"type":"default-arg","locations":[{"start":{"line":12,"column":34},"end":{"line":12,"column":41}}],"line":12},"1":{"loc":{"start":{"line":12,"column":43},"end":{"line":12,"column":53}},"type":"default-arg","locations":[{"start":{"line":12,"column":52},"end":{"line":12,"column":53}}],"line":12},"2":{"loc":{"start":{"line":13,"column":2},"end":{"line":15,"column":3}},"type":"if","locations":[{"start":{"line":13,"column":2},"end":{"line":15,"column":3}},{"start":{},"end":{}}],"line":13},"3":{"loc":{"start":{"line":18,"column":2},"end":{"line":18,"column":47}},"type":"if","locations":[{"start":{"line":18,"column":2},"end":{"line":18,"column":47}},{"start":{},"end":{}}],"line":18},"4":{"loc":{"start":{"line":19,"column":2},"end":{"line":19,"column":49}},"type":"if","locations":[{"start":{"line":19,"column":2},"end":{"line":19,"column":49}},{"start":{},"end":{}}],"line":19},"5":{"loc":{"start":{"line":20,"column":2},"end":{"line":20,"column":49}},"type":"if","locations":[{"start":{"line":20,"column":2},"end":{"line":20,"column":49}},{"start":{},"end":{}}],"line":20},"6":{"loc":{"start":{"line":23,"column":2},"end":{"line":23,"column":49}},"type":"if","locations":[{"start":{"line":23,"column":2},"end":{"line":23,"column":49}},{"start":{},"end":{}}],"line":23},"7":{"loc":{"start":{"line":24,"column":2},"end":{"line":24,"column":51}},"type":"if","locations":[{"start":{"line":24,"column":2},"end":{"line":24,"column":51}},{"start":{},"end":{}}],"line":24},"8":{"loc":{"start":{"line":25,"column":2},"end":{"line":25,"column":51}},"type":"if","locations":[{"start":{"line":25,"column":2},"end":{"line":25,"column":51}},{"start":{},"end":{}}],"line":25},"9":{"loc":{"start":{"line":28,"column":2},"end":{"line":28,"column":53}},"type":"if","locations":[{"start":{"line":28,"column":2},"end":{"line":28,"column":53}},{"start":{},"end":{}}],"line":28},"10":{"loc":{"start":{"line":29,"column":2},"end":{"line":29,"column":53}},"type":"if","locations":[{"start":{"line":29,"column":2},"end":{"line":29,"column":53}},{"start":{},"end":{}}],"line":29},"11":{"loc":{"start":{"line":32,"column":2},"end":{"line":32,"column":52}},"type":"if","locations":[{"start":{"line":32,"column":2},"end":{"line":32,"column":52}},{"start":{},"end":{}}],"line":32},"12":{"loc":{"start":{"line":33,"column":2},"end":{"line":33,"column":54}},"type":"if","locations":[{"start":{"line":33,"column":2},"end":{"line":33,"column":54}},{"start":{},"end":{}}],"line":33}},"s":{"0":7,"1":7,"2":7,"3":7,"4":7,"5":7,"6":7,"7":7,"8":7,"9":7,"10":7,"11":96,"12":1,"13":95,"14":54,"15":41,"16":3,"17":38,"18":10,"19":28,"20":3,"21":25,"22":3,"23":22,"24":3,"25":19,"26":5,"27":14,"28":5,"29":9,"30":4,"31":5,"32":4,"33":1,"34":7},"f":{"0":96},"b":{"0":[1],"1":[23],"2":[1,95],"3":[54,41],"4":[3,38],"5":[10,28],"6":[3,25],"7":[3,22],"8":[3,19],"9":[5,14],"10":[5,9],"11":[4,5],"12":[4,1]},"_coverageSchema":"1a1c01bbd47fc00a2c39e90264f33305004495a9","hash":"5dca2c0fe66e356e29d0713b147c2be998c02917"}
,"/home/jay/Desktop/trial/array/lib/baseArray/baseArray.js": {"path":"/home/jay/Desktop/trial/array/lib/baseArray/baseArray.js","statementMap":{"0":{"start":{"line":189,"column":4},"end":{"line":189,"column":38}},"1":{"start":{"line":190,"column":4},"end":{"line":190,"column":34}},"2":{"start":{"line":191,"column":4},"end":{"line":191,"column":66}},"3":{"start":{"line":192,"column":4},"end":{"line":192,"column":49}},"4":{"start":{"line":193,"column":4},"end":{"line":193,"column":32}},"5":{"start":{"line":196,"column":4},"end":{"line":196,"column":21}},"6":{"start":{"line":197,"column":4},"end":{"line":197,"column":25}},"7":{"start":{"line":201,"column":4},"end":{"line":201,"column":68}},"8":{"start":{"line":206,"column":4},"end":{"line":206,"column":60}},"9":{"start":{"line":210,"column":4},"end":{"line":210,"column":36}},"10":{"start":{"line":214,"column":4},"end":{"line":214,"column":43}},"11":{"start":{"line":218,"column":4},"end":{"line":223,"column":5}},"12":{"start":{"line":219,"column":6},"end":{"line":219,"column":30}},"13":{"start":{"line":220,"column":6},"end":{"line":222,"column":7}},"14":{"start":{"line":221,"column":8},"end":{"line":221,"column":30}},"15":{"start":{"line":224,"column":4},"end":{"line":224,"column":29}},"16":{"start":{"line":229,"column":4},"end":{"line":229,"column":40}},"17":{"start":{"line":229,"column":19},"end":{"line":229,"column":40}},"18":{"start":{"line":230,"column":4},"end":{"line":230,"column":60}},"19":{"start":{"line":230,"column":43},"end":{"line":230,"column":60}},"20":{"start":{"line":231,"column":4},"end":{"line":231,"column":28}},"21":{"start":{"line":235,"column":4},"end":{"line":235,"column":40}},"22":{"start":{"line":235,"column":19},"end":{"line":235,"column":40}},"23":{"start":{"line":236,"column":4},"end":{"line":236,"column":29}},"24":{"start":{"line":236,"column":19},"end":{"line":236,"column":29}},"25":{"start":{"line":237,"column":4},"end":{"line":237,"column":45}},"26":{"start":{"line":237,"column":27},"end":{"line":237,"column":45}},"27":{"start":{"line":238,"column":4},"end":{"line":238,"column":39}},"28":{"start":{"line":242,"column":4},"end":{"line":242,"column":49}},"29":{"start":{"line":242,"column":42},"end":{"line":242,"column":49}},"30":{"start":{"line":243,"column":4},"end":{"line":243,"column":49}},"31":{"start":{"line":243,"column":36},"end":{"line":243,"column":49}},"32":{"start":{"line":244,"column":4},"end":{"line":244,"column":37}},"33":{"start":{"line":245,"column":4},"end":{"line":245,"column":17}},"34":{"start":{"line":249,"column":4},"end":{"line":249,"column":57}},"35":{"start":{"line":249,"column":27},"end":{"line":249,"column":57}},"36":{"start":{"line":250,"column":17},"end":{"line":250,"column":41}},"37":{"start":{"line":251,"column":4},"end":{"line":251,"column":53}},"38":{"start":{"line":251,"column":38},"end":{"line":251,"column":53}},"39":{"start":{"line":252,"column":4},"end":{"line":252,"column":18}},"40":{"start":{"line":256,"column":4},"end":{"line":256,"column":49}},"41":{"start":{"line":256,"column":42},"end":{"line":256,"column":49}},"42":{"start":{"line":257,"column":4},"end":{"line":257,"column":49}},"43":{"start":{"line":257,"column":36},"end":{"line":257,"column":49}},"44":{"start":{"line":258,"column":4},"end":{"line":260,"column":5}},"45":{"start":{"line":258,"column":17},"end":{"line":258,"column":28}},"46":{"start":{"line":259,"column":6},"end":{"line":259,"column":38}},"47":{"start":{"line":261,"column":4},"end":{"line":261,"column":18}},"48":{"start":{"line":262,"column":4},"end":{"line":262,"column":25}},"49":{"start":{"line":263,"column":4},"end":{"line":263,"column":17}},"50":{"start":{"line":267,"column":4},"end":{"line":267,"column":57}},"51":{"start":{"line":267,"column":27},"end":{"line":267,"column":57}},"52":{"start":{"line":268,"column":18},"end":{"line":268,"column":30}},"53":{"start":{"line":269,"column":4},"end":{"line":269,"column":53}},"54":{"start":{"line":269,"column":38},"end":{"line":269,"column":53}},"55":{"start":{"line":270,"column":4},"end":{"line":272,"column":5}},"56":{"start":{"line":270,"column":17},"end":{"line":270,"column":18}},"57":{"start":{"line":271,"column":6},"end":{"line":271,"column":38}},"58":{"start":{"line":273,"column":4},"end":{"line":273,"column":18}},"59":{"start":{"line":274,"column":4},"end":{"line":274,"column":19}},"60":{"start":{"line":278,"column":14},"end":{"line":278,"column":26}},"61":{"start":{"line":280,"column":4},"end":{"line":286,"column":5}},"62":{"start":{"line":281,"column":6},"end":{"line":285,"column":8}},"63":{"start":{"line":282,"column":8},"end":{"line":284,"column":22}},"64":{"start":{"line":282,"column":19},"end":{"line":282,"column":28}},"65":{"start":{"line":283,"column":13},"end":{"line":284,"column":22}},"66":{"start":{"line":283,"column":24},"end":{"line":283,"column":34}},"67":{"start":{"line":284,"column":13},"end":{"line":284,"column":22}},"68":{"start":{"line":288,"column":4},"end":{"line":288,"column":40}},"69":{"start":{"line":293,"column":14},"end":{"line":293,"column":26}},"70":{"start":{"line":294,"column":4},"end":{"line":294,"column":25}},"71":{"start":{"line":298,"column":14},"end":{"line":298,"column":26}},"72":{"start":{"line":299,"column":4},"end":{"line":299,"column":39}},"73":{"start":{"line":303,"column":14},"end":{"line":303,"column":26}},"74":{"start":{"line":304,"column":4},"end":{"line":304,"column":49}},"75":{"start":{"line":308,"column":14},"end":{"line":308,"column":26}},"76":{"start":{"line":309,"column":4},"end":{"line":309,"column":53}},"77":{"start":{"line":313,"column":14},"end":{"line":313,"column":26}},"78":{"start":{"line":314,"column":4},"end":{"line":314,"column":50}},"79":{"start":{"line":318,"column":14},"end":{"line":318,"column":26}},"80":{"start":{"line":319,"column":4},"end":{"line":319,"column":46}},"81":{"start":{"line":323,"column":14},"end":{"line":323,"column":26}},"82":{"start":{"line":324,"column":4},"end":{"line":324,"column":45}},"83":{"start":{"line":328,"column":14},"end":{"line":328,"column":26}},"84":{"start":{"line":329,"column":4},"end":{"line":329,"column":50}},"85":{"start":{"line":333,"column":14},"end":{"line":333,"column":26}},"86":{"start":{"line":334,"column":4},"end":{"line":334,"column":42}},"87":{"start":{"line":338,"column":14},"end":{"line":338,"column":26}},"88":{"start":{"line":339,"column":4},"end":{"line":339,"column":41}},"89":{"start":{"line":343,"column":14},"end":{"line":343,"column":26}},"90":{"start":{"line":344,"column":4},"end":{"line":344,"column":43}},"91":{"start":{"line":348,"column":14},"end":{"line":348,"column":26}},"92":{"start":{"line":349,"column":4},"end":{"line":349,"column":40}},"93":{"start":{"line":353,"column":14},"end":{"line":353,"column":26}},"94":{"start":{"line":354,"column":4},"end":{"line":354,"column":44}},"95":{"start":{"line":358,"column":14},"end":{"line":358,"column":26}},"96":{"start":{"line":359,"column":4},"end":{"line":359,"column":48}},"97":{"start":{"line":363,"column":14},"end":{"line":363,"column":26}},"98":{"start":{"line":364,"column":4},"end":{"line":364,"column":53}},"99":{"start":{"line":368,"column":14},"end":{"line":368,"column":26}},"100":{"start":{"line":369,"column":4},"end":{"line":369,"column":31}},"101":{"start":{"line":374,"column":4},"end":{"line":374,"column":22}},"102":{"start":{"line":375,"column":17},"end":{"line":375,"column":63}},"103":{"start":{"line":376,"column":17},"end":{"line":376,"column":43}},"104":{"start":{"line":377,"column":4},"end":{"line":377,"column":66}},"105":{"start":{"line":377,"column":17},"end":{"line":377,"column":18}},"106":{"start":{"line":377,"column":41},"end":{"line":377,"column":66}},"107":{"start":{"line":378,"column":4},"end":{"line":378,"column":26}},"108":{"start":{"line":379,"column":4},"end":{"line":379,"column":23}},"109":{"start":{"line":383,"column":4},"end":{"line":383,"column":58}},"110":{"start":{"line":384,"column":17},"end":{"line":384,"column":63}},"111":{"start":{"line":385,"column":17},"end":{"line":385,"column":43}},"112":{"start":{"line":386,"column":4},"end":{"line":386,"column":66}},"113":{"start":{"line":386,"column":17},"end":{"line":386,"column":18}},"114":{"start":{"line":386,"column":41},"end":{"line":386,"column":66}},"115":{"start":{"line":387,"column":4},"end":{"line":387,"column":26}},"116":{"start":{"line":388,"column":4},"end":{"line":388,"column":23}},"117":{"start":{"line":392,"column":0},"end":{"line":392,"column":27}}},"fnMap":{"0":{"name":"(anonymous_0)","decl":{"start":{"line":187,"column":2},"end":{"line":187,"column":3}},"loc":{"start":{"line":187,"column":51},"end":{"line":198,"column":3}},"line":187},"1":{"name":"(anonymous_1)","decl":{"start":{"line":200,"column":2},"end":{"line":200,"column":3}},"loc":{"start":{"line":200,"column":18},"end":{"line":202,"column":3}},"line":200},"2":{"name":"(anonymous_2)","decl":{"start":{"line":205,"column":2},"end":{"line":205,"column":3}},"loc":{"start":{"line":205,"column":10},"end":{"line":207,"column":3}},"line":205},"3":{"name":"(anonymous_3)","decl":{"start":{"line":209,"column":2},"end":{"line":209,"column":3}},"loc":{"start":{"line":209,"column":12},"end":{"line":211,"column":3}},"line":209},"4":{"name":"(anonymous_4)","decl":{"start":{"line":213,"column":2},"end":{"line":213,"column":3}},"loc":{"start":{"line":213,"column":10},"end":{"line":215,"column":3}},"line":213},"5":{"name":"(anonymous_5)","decl":{"start":{"line":217,"column":2},"end":{"line":217,"column":3}},"loc":{"start":{"line":217,"column":20},"end":{"line":225,"column":3}},"line":217},"6":{"name":"(anonymous_6)","decl":{"start":{"line":228,"column":2},"end":{"line":228,"column":3}},"loc":{"start":{"line":228,"column":12},"end":{"line":232,"column":3}},"line":228},"7":{"name":"(anonymous_7)","decl":{"start":{"line":234,"column":2},"end":{"line":234,"column":3}},"loc":{"start":{"line":234,"column":38},"end":{"line":239,"column":3}},"line":234},"8":{"name":"(anonymous_8)","decl":{"start":{"line":241,"column":2},"end":{"line":241,"column":3}},"loc":{"start":{"line":241,"column":14},"end":{"line":246,"column":3}},"line":241},"9":{"name":"(anonymous_9)","decl":{"start":{"line":248,"column":2},"end":{"line":248,"column":3}},"loc":{"start":{"line":248,"column":8},"end":{"line":253,"column":3}},"line":248},"10":{"name":"(anonymous_10)","decl":{"start":{"line":255,"column":2},"end":{"line":255,"column":3}},"loc":{"start":{"line":255,"column":17},"end":{"line":264,"column":3}},"line":255},"11":{"name":"(anonymous_11)","decl":{"start":{"line":266,"column":2},"end":{"line":266,"column":3}},"loc":{"start":{"line":266,"column":10},"end":{"line":275,"column":3}},"line":266},"12":{"name":"(anonymous_12)","decl":{"start":{"line":277,"column":2},"end":{"line":277,"column":3}},"loc":{"start":{"line":277,"column":39},"end":{"line":289,"column":3}},"line":277},"13":{"name":"(anonymous_13)","decl":{"start":{"line":281,"column":27},"end":{"line":281,"column":28}},"loc":{"start":{"line":281,"column":37},"end":{"line":285,"column":7}},"line":281},"14":{"name":"(anonymous_14)","decl":{"start":{"line":292,"column":2},"end":{"line":292,"column":3}},"loc":{"start":{"line":292,"column":12},"end":{"line":295,"column":3}},"line":292},"15":{"name":"(anonymous_15)","decl":{"start":{"line":297,"column":2},"end":{"line":297,"column":3}},"loc":{"start":{"line":297,"column":44},"end":{"line":300,"column":3}},"line":297},"16":{"name":"(anonymous_16)","decl":{"start":{"line":302,"column":2},"end":{"line":302,"column":3}},"loc":{"start":{"line":302,"column":40},"end":{"line":305,"column":3}},"line":302},"17":{"name":"(anonymous_17)","decl":{"start":{"line":307,"column":2},"end":{"line":307,"column":3}},"loc":{"start":{"line":307,"column":58},"end":{"line":310,"column":3}},"line":307},"18":{"name":"(anonymous_18)","decl":{"start":{"line":312,"column":2},"end":{"line":312,"column":3}},"loc":{"start":{"line":312,"column":41},"end":{"line":315,"column":3}},"line":312},"19":{"name":"(anonymous_19)","decl":{"start":{"line":317,"column":2},"end":{"line":317,"column":3}},"loc":{"start":{"line":317,"column":45},"end":{"line":320,"column":3}},"line":317},"20":{"name":"(anonymous_20)","decl":{"start":{"line":322,"column":2},"end":{"line":322,"column":3}},"loc":{"start":{"line":322,"column":44},"end":{"line":325,"column":3}},"line":322},"21":{"name":"(anonymous_21)","decl":{"start":{"line":327,"column":2},"end":{"line":327,"column":3}},"loc":{"start":{"line":327,"column":49},"end":{"line":330,"column":3}},"line":327},"22":{"name":"(anonymous_22)","decl":{"start":{"line":332,"column":2},"end":{"line":332,"column":3}},"loc":{"start":{"line":332,"column":41},"end":{"line":335,"column":3}},"line":332},"23":{"name":"(anonymous_23)","decl":{"start":{"line":337,"column":2},"end":{"line":337,"column":3}},"loc":{"start":{"line":337,"column":40},"end":{"line":340,"column":3}},"line":337},"24":{"name":"(anonymous_24)","decl":{"start":{"line":342,"column":2},"end":{"line":342,"column":3}},"loc":{"start":{"line":342,"column":42},"end":{"line":345,"column":3}},"line":342},"25":{"name":"(anonymous_25)","decl":{"start":{"line":347,"column":2},"end":{"line":347,"column":3}},"loc":{"start":{"line":347,"column":39},"end":{"line":350,"column":3}},"line":347},"26":{"name":"(anonymous_26)","decl":{"start":{"line":352,"column":2},"end":{"line":352,"column":3}},"loc":{"start":{"line":352,"column":43},"end":{"line":355,"column":3}},"line":352},"27":{"name":"(anonymous_27)","decl":{"start":{"line":357,"column":2},"end":{"line":357,"column":3}},"loc":{"start":{"line":357,"column":39},"end":{"line":360,"column":3}},"line":357},"28":{"name":"(anonymous_28)","decl":{"start":{"line":362,"column":2},"end":{"line":362,"column":3}},"loc":{"start":{"line":362,"column":44},"end":{"line":365,"column":3}},"line":362},"29":{"name":"(anonymous_29)","decl":{"start":{"line":367,"column":2},"end":{"line":367,"column":3}},"loc":{"start":{"line":367,"column":24},"end":{"line":370,"column":3}},"line":367}},"branchMap":{"0":{"loc":{"start":{"line":218,"column":4},"end":{"line":223,"column":5}},"type":"if","locations":[{"start":{"line":218,"column":4},"end":{"line":223,"column":5}},{"start":{},"end":{}}],"line":218},"1":{"loc":{"start":{"line":220,"column":6},"end":{"line":222,"column":7}},"type":"if","locations":[{"start":{"line":220,"column":6},"end":{"line":222,"column":7}},{"start":{},"end":{}}],"line":220},"2":{"loc":{"start":{"line":229,"column":4},"end":{"line":229,"column":40}},"type":"if","locations":[{"start":{"line":229,"column":4},"end":{"line":229,"column":40}},{"start":{},"end":{}}],"line":229},"3":{"loc":{"start":{"line":230,"column":4},"end":{"line":230,"column":60}},"type":"if","locations":[{"start":{"line":230,"column":4},"end":{"line":230,"column":60}},{"start":{},"end":{}}],"line":230},"4":{"loc":{"start":{"line":230,"column":8},"end":{"line":230,"column":41}},"type":"binary-expr","locations":[{"start":{"line":230,"column":8},"end":{"line":230,"column":17}},{"start":{"line":230,"column":21},"end":{"line":230,"column":41}}],"line":230},"5":{"loc":{"start":{"line":234,"column":8},"end":{"line":234,"column":17}},"type":"default-arg","locations":[{"start":{"line":234,"column":16},"end":{"line":234,"column":17}}],"line":234},"6":{"loc":{"start":{"line":234,"column":19},"end":{"line":234,"column":36}},"type":"default-arg","locations":[{"start":{"line":234,"column":25},"end":{"line":234,"column":36}}],"line":234},"7":{"loc":{"start":{"line":235,"column":4},"end":{"line":235,"column":40}},"type":"if","locations":[{"start":{"line":235,"column":4},"end":{"line":235,"column":40}},{"start":{},"end":{}}],"line":235},"8":{"loc":{"start":{"line":236,"column":4},"end":{"line":236,"column":29}},"type":"if","locations":[{"start":{"line":236,"column":4},"end":{"line":236,"column":29}},{"start":{},"end":{}}],"line":236},"9":{"loc":{"start":{"line":237,"column":4},"end":{"line":237,"column":45}},"type":"if","locations":[{"start":{"line":237,"column":4},"end":{"line":237,"column":45}},{"start":{},"end":{}}],"line":237},"10":{"loc":{"start":{"line":242,"column":4},"end":{"line":242,"column":49}},"type":"if","locations":[{"start":{"line":242,"column":4},"end":{"line":242,"column":49}},{"start":{},"end":{}}],"line":242},"11":{"loc":{"start":{"line":243,"column":4},"end":{"line":243,"column":49}},"type":"if","locations":[{"start":{"line":243,"column":4},"end":{"line":243,"column":49}},{"start":{},"end":{}}],"line":243},"12":{"loc":{"start":{"line":249,"column":4},"end":{"line":249,"column":57}},"type":"if","locations":[{"start":{"line":249,"column":4},"end":{"line":249,"column":57}},{"start":{},"end":{}}],"line":249},"13":{"loc":{"start":{"line":251,"column":4},"end":{"line":251,"column":53}},"type":"if","locations":[{"start":{"line":251,"column":4},"end":{"line":251,"column":53}},{"start":{},"end":{}}],"line":251},"14":{"loc":{"start":{"line":256,"column":4},"end":{"line":256,"column":49}},"type":"if","locations":[{"start":{"line":256,"column":4},"end":{"line":256,"column":49}},{"start":{},"end":{}}],"line":256},"15":{"loc":{"start":{"line":257,"column":4},"end":{"line":257,"column":49}},"type":"if","locations":[{"start":{"line":257,"column":4},"end":{"line":257,"column":49}},{"start":{},"end":{}}],"line":257},"16":{"loc":{"start":{"line":267,"column":4},"end":{"line":267,"column":57}},"type":"if","locations":[{"start":{"line":267,"column":4},"end":{"line":267,"column":57}},{"start":{},"end":{}}],"line":267},"17":{"loc":{"start":{"line":269,"column":4},"end":{"line":269,"column":53}},"type":"if","locations":[{"start":{"line":269,"column":4},"end":{"line":269,"column":53}},{"start":{},"end":{}}],"line":269},"18":{"loc":{"start":{"line":277,"column":7},"end":{"line":277,"column":37}},"type":"default-arg","locations":[{"start":{"line":277,"column":28},"end":{"line":277,"column":37}}],"line":277},"19":{"loc":{"start":{"line":280,"column":4},"end":{"line":286,"column":5}},"type":"if","locations":[{"start":{"line":280,"column":4},"end":{"line":286,"column":5}},{"start":{},"end":{}}],"line":280},"20":{"loc":{"start":{"line":282,"column":8},"end":{"line":284,"column":22}},"type":"if","locations":[{"start":{"line":282,"column":8},"end":{"line":284,"column":22}},{"start":{"line":283,"column":13},"end":{"line":284,"column":22}}],"line":282},"21":{"loc":{"start":{"line":283,"column":13},"end":{"line":284,"column":22}},"type":"if","locations":[{"start":{"line":283,"column":13},"end":{"line":284,"column":22}},{"start":{"line":284,"column":13},"end":{"line":284,"column":22}}],"line":283},"22":{"loc":{"start":{"line":297,"column":14},"end":{"line":297,"column":23}},"type":"default-arg","locations":[{"start":{"line":297,"column":22},"end":{"line":297,"column":23}}],"line":297},"23":{"loc":{"start":{"line":297,"column":25},"end":{"line":297,"column":42}},"type":"default-arg","locations":[{"start":{"line":297,"column":31},"end":{"line":297,"column":42}}],"line":297},"24":{"loc":{"start":{"line":302,"column":25},"end":{"line":302,"column":38}},"type":"default-arg","locations":[{"start":{"line":302,"column":37},"end":{"line":302,"column":38}}],"line":302},"25":{"loc":{"start":{"line":307,"column":29},"end":{"line":307,"column":56}},"type":"default-arg","locations":[{"start":{"line":307,"column":41},"end":{"line":307,"column":56}}],"line":307},"26":{"loc":{"start":{"line":312,"column":26},"end":{"line":312,"column":39}},"type":"default-arg","locations":[{"start":{"line":312,"column":38},"end":{"line":312,"column":39}}],"line":312},"27":{"loc":{"start":{"line":317,"column":24},"end":{"line":317,"column":43}},"type":"default-arg","locations":[{"start":{"line":317,"column":34},"end":{"line":317,"column":43}}],"line":317},"28":{"loc":{"start":{"line":322,"column":23},"end":{"line":322,"column":42}},"type":"default-arg","locations":[{"start":{"line":322,"column":33},"end":{"line":322,"column":42}}],"line":322},"29":{"loc":{"start":{"line":327,"column":28},"end":{"line":327,"column":47}},"type":"default-arg","locations":[{"start":{"line":327,"column":38},"end":{"line":327,"column":47}}],"line":327},"30":{"loc":{"start":{"line":332,"column":20},"end":{"line":332,"column":39}},"type":"default-arg","locations":[{"start":{"line":332,"column":30},"end":{"line":332,"column":39}}],"line":332},"31":{"loc":{"start":{"line":337,"column":19},"end":{"line":337,"column":38}},"type":"default-arg","locations":[{"start":{"line":337,"column":29},"end":{"line":337,"column":38}}],"line":337},"32":{"loc":{"start":{"line":342,"column":21},"end":{"line":342,"column":40}},"type":"default-arg","locations":[{"start":{"line":342,"column":31},"end":{"line":342,"column":40}}],"line":342},"33":{"loc":{"start":{"line":347,"column":18},"end":{"line":347,"column":37}},"type":"default-arg","locations":[{"start":{"line":347,"column":28},"end":{"line":347,"column":37}}],"line":347},"34":{"loc":{"start":{"line":352,"column":22},"end":{"line":352,"column":41}},"type":"default-arg","locations":[{"start":{"line":352,"column":32},"end":{"line":352,"column":41}}],"line":352},"35":{"loc":{"start":{"line":357,"column":21},"end":{"line":357,"column":37}},"type":"default-arg","locations":[{"start":{"line":357,"column":36},"end":{"line":357,"column":37}}],"line":357},"36":{"loc":{"start":{"line":362,"column":26},"end":{"line":362,"column":42}},"type":"default-arg","locations":[{"start":{"line":362,"column":41},"end":{"line":362,"column":42}}],"line":362},"37":{"loc":{"start":{"line":367,"column":7},"end":{"line":367,"column":22}},"type":"default-arg","locations":[{"start":{"line":367,"column":19},"end":{"line":367,"column":22}}],"line":367},"38":{"loc":{"start":{"line":373,"column":8},"end":{"line":373,"column":29}},"type":"default-arg","locations":[{"start":{"line":373,"column":15},"end":{"line":373,"column":29}}],"line":373}},"s":{"0":95,"1":95,"2":95,"3":95,"4":94,"5":94,"6":94,"7":1,"8":61,"9":1,"10":1,"11":105,"12":32,"13":32,"14":1,"15":105,"16":62,"17":4,"18":62,"19":2,"20":60,"21":3,"22":1,"23":3,"24":1,"25":3,"26":1,"27":3,"28":65940,"29":1,"30":65939,"31":24,"32":65939,"33":65939,"34":82,"35":1,"36":81,"37":81,"38":2,"39":81,"40":102,"41":1,"42":101,"43":5,"44":101,"45":101,"46":4960,"47":101,"48":101,"49":101,"50":82,"51":1,"52":81,"53":81,"54":2,"55":81,"56":81,"57":4769,"58":81,"59":81,"60":6,"61":6,"62":4,"63":20,"64":12,"65":8,"66":4,"67":4,"68":6,"69":1,"70":1,"71":4,"72":4,"73":2,"74":2,"75":2,"76":2,"77":2,"78":2,"79":2,"80":2,"81":2,"82":2,"83":2,"84":2,"85":3,"86":3,"87":3,"88":3,"89":1,"90":1,"91":1,"92":1,"93":2,"94":2,"95":2,"96":2,"97":2,"98":2,"99":3,"100":3,"101":30,"102":30,"103":30,"104":30,"105":30,"106":165111,"107":30,"108":30,"109":4,"110":4,"111":4,"112":4,"113":4,"114":150,"115":4,"116":4,"117":7},"f":{"0":95,"1":1,"2":61,"3":1,"4":1,"5":105,"6":62,"7":3,"8":65940,"9":82,"10":102,"11":82,"12":6,"13":20,"14":1,"15":4,"16":2,"17":2,"18":2,"19":2,"20":2,"21":2,"22":3,"23":3,"24":1,"25":1,"26":2,"27":2,"28":2,"29":3},"b":{"0":[32,73],"1":[1,31],"2":[4,58],"3":[2,60],"4":[62,61],"5":[1],"6":[1],"7":[1,2],"8":[1,2],"9":[1,2],"10":[1,65939],"11":[24,65915],"12":[1,81],"13":[2,79],"14":[1,101],"15":[5,96],"16":[1,81],"17":[2,79],"18":[4],"19":[4,2],"20":[12,8],"21":[4,4],"22":[4],"23":[4],"24":[2],"25":[2],"26":[2],"27":[2],"28":[2],"29":[2],"30":[3],"31":[3],"32":[1],"33":[1],"34":[2],"35":[1],"36":[1],"37":[2],"38":[29]},"_coverageSchema":"1a1c01bbd47fc00a2c39e90264f33305004495a9","hash":"bdbda6002bd96040775de43aef2b3c61c3452c3e"}
,"/home/jay/Desktop/trial/array/lib/baseArray/integerArray.js": {"path":"/home/jay/Desktop/trial/array/lib/baseArray/integerArray.js","statementMap":{"0":{"start":{"line":1,"column":18},"end":{"line":1,"column":40}},"1":{"start":{"line":5,"column":4},"end":{"line":5,"column":47}},"2":{"start":{"line":9,"column":14},"end":{"line":9,"column":26}},"3":{"start":{"line":11,"column":4},"end":{"line":11,"column":64}},"4":{"start":{"line":11,"column":28},"end":{"line":11,"column":64}},"5":{"start":{"line":13,"column":21},"end":{"line":13,"column":37}},"6":{"start":{"line":14,"column":21},"end":{"line":14,"column":37}},"7":{"start":{"line":15,"column":16},"end":{"line":15,"column":43}},"8":{"start":{"line":17,"column":4},"end":{"line":19,"column":5}},"9":{"start":{"line":18,"column":6},"end":{"line":18,"column":39}},"10":{"start":{"line":18,"column":32},"end":{"line":18,"column":37}},"11":{"start":{"line":23,"column":4},"end":{"line":29,"column":5}},"12":{"start":{"line":24,"column":6},"end":{"line":24,"column":35}},"13":{"start":{"line":25,"column":11},"end":{"line":29,"column":5}},"14":{"start":{"line":26,"column":6},"end":{"line":26,"column":36}},"15":{"start":{"line":28,"column":6},"end":{"line":28,"column":36}},"16":{"start":{"line":30,"column":4},"end":{"line":30,"column":47}},"17":{"start":{"line":30,"column":23},"end":{"line":30,"column":45}},"18":{"start":{"line":31,"column":16},"end":{"line":31,"column":17}},"19":{"start":{"line":32,"column":4},"end":{"line":36,"column":7}},"20":{"start":{"line":33,"column":6},"end":{"line":35,"column":7}},"21":{"start":{"line":34,"column":8},"end":{"line":34,"column":40}},"22":{"start":{"line":37,"column":4},"end":{"line":37,"column":15}},"23":{"start":{"line":41,"column":0},"end":{"line":41,"column":30}}},"fnMap":{"0":{"name":"(anonymous_0)","decl":{"start":{"line":4,"column":2},"end":{"line":4,"column":3}},"loc":{"start":{"line":4,"column":51},"end":{"line":6,"column":3}},"line":4},"1":{"name":"(anonymous_1)","decl":{"start":{"line":8,"column":2},"end":{"line":8,"column":3}},"loc":{"start":{"line":8,"column":39},"end":{"line":38,"column":3}},"line":8},"2":{"name":"(anonymous_2)","decl":{"start":{"line":18,"column":22},"end":{"line":18,"column":23}},"loc":{"start":{"line":18,"column":32},"end":{"line":18,"column":37}},"line":18},"3":{"name":"(anonymous_3)","decl":{"start":{"line":30,"column":16},"end":{"line":30,"column":17}},"loc":{"start":{"line":30,"column":23},"end":{"line":30,"column":45}},"line":30},"4":{"name":"(anonymous_4)","decl":{"start":{"line":32,"column":17},"end":{"line":32,"column":18}},"loc":{"start":{"line":32,"column":29},"end":{"line":36,"column":5}},"line":32}},"branchMap":{"0":{"loc":{"start":{"line":8,"column":7},"end":{"line":8,"column":37}},"type":"default-arg","locations":[{"start":{"line":8,"column":28},"end":{"line":8,"column":37}}],"line":8},"1":{"loc":{"start":{"line":11,"column":4},"end":{"line":11,"column":64}},"type":"if","locations":[{"start":{"line":11,"column":4},"end":{"line":11,"column":64}},{"start":{},"end":{}}],"line":11},"2":{"loc":{"start":{"line":17,"column":4},"end":{"line":19,"column":5}},"type":"if","locations":[{"start":{"line":17,"column":4},"end":{"line":19,"column":5}},{"start":{},"end":{}}],"line":17},"3":{"loc":{"start":{"line":23,"column":4},"end":{"line":29,"column":5}},"type":"if","locations":[{"start":{"line":23,"column":4},"end":{"line":29,"column":5}},{"start":{"line":25,"column":11},"end":{"line":29,"column":5}}],"line":23},"4":{"loc":{"start":{"line":25,"column":11},"end":{"line":29,"column":5}},"type":"if","locations":[{"start":{"line":25,"column":11},"end":{"line":29,"column":5}},{"start":{"line":27,"column":11},"end":{"line":29,"column":5}}],"line":25}},"s":{"0":7,"1":76,"2":8,"3":8,"4":1,"5":7,"6":7,"7":7,"8":7,"9":1,"10":3,"11":6,"12":2,"13":4,"14":2,"15":2,"16":6,"17":131616,"18":6,"19":6,"20":65811,"21":131616,"22":6,"23":7},"f":{"0":76,"1":8,"2":3,"3":131616,"4":65811},"b":{"0":[7],"1":[1,7],"2":[1,6],"3":[2,4],"4":[2,2]},"_coverageSchema":"1a1c01bbd47fc00a2c39e90264f33305004495a9","hash":"bb3def517179d23485b1883e702a3f07d8e8993c"}
,"/home/jay/Desktop/trial/array/lib/bigint/byte8.js": {"path":"/home/jay/Desktop/trial/array/lib/bigint/byte8.js","statementMap":{"0":{"start":{"line":1,"column":18},"end":{"line":1,"column":51}},"1":{"start":{"line":5,"column":4},"end":{"line":5,"column":41}},"2":{"start":{"line":9,"column":4},"end":{"line":9,"column":25}},"3":{"start":{"line":13,"column":0},"end":{"line":13,"column":26}}},"fnMap":{"0":{"name":"(anonymous_0)","decl":{"start":{"line":4,"column":2},"end":{"line":4,"column":3}},"loc":{"start":{"line":4,"column":22},"end":{"line":6,"column":3}},"line":4},"1":{"name":"(anonymous_1)","decl":{"start":{"line":8,"column":2},"end":{"line":8,"column":3}},"loc":{"start":{"line":8,"column":18},"end":{"line":10,"column":3}},"line":8}},"branchMap":{},"s":{"0":7,"1":4,"2":6,"3":7},"f":{"0":4,"1":6},"b":{},"_coverageSchema":"1a1c01bbd47fc00a2c39e90264f33305004495a9","hash":"2a6292ac122b31c10c4b5656a875373b6f358c41"}
,"/home/jay/Desktop/trial/array/lib/biguint/byte8.js": {"path":"/home/jay/Desktop/trial/array/lib/biguint/byte8.js","statementMap":{"0":{"start":{"line":1,"column":18},"end":{"line":1,"column":51}},"1":{"start":{"line":5,"column":4},"end":{"line":5,"column":42}},"2":{"start":{"line":9,"column":4},"end":{"line":9,"column":26}},"3":{"start":{"line":13,"column":0},"end":{"line":13,"column":27}}},"fnMap":{"0":{"name":"(anonymous_0)","decl":{"start":{"line":4,"column":2},"end":{"line":4,"column":3}},"loc":{"start":{"line":4,"column":22},"end":{"line":6,"column":3}},"line":4},"1":{"name":"(anonymous_1)","decl":{"start":{"line":8,"column":2},"end":{"line":8,"column":3}},"loc":{"start":{"line":8,"column":18},"end":{"line":10,"column":3}},"line":8}},"branchMap":{},"s":{"0":7,"1":4,"2":6,"3":7},"f":{"0":4,"1":6},"b":{},"_coverageSchema":"1a1c01bbd47fc00a2c39e90264f33305004495a9","hash":"62be4e65aeeca3fa8f7f3baa26c82c6761176f88"}
,"/home/jay/Desktop/trial/array/lib/float/byte4.js": {"path":"/home/jay/Desktop/trial/array/lib/float/byte4.js","statementMap":{"0":{"start":{"line":1,"column":18},"end":{"line":1,"column":51}},"1":{"start":{"line":5,"column":4},"end":{"line":5,"column":42}},"2":{"start":{"line":9,"column":4},"end":{"line":9,"column":24}},"3":{"start":{"line":13,"column":0},"end":{"line":13,"column":25}}},"fnMap":{"0":{"name":"(anonymous_0)","decl":{"start":{"line":4,"column":2},"end":{"line":4,"column":3}},"loc":{"start":{"line":4,"column":22},"end":{"line":6,"column":3}},"line":4},"1":{"name":"(anonymous_1)","decl":{"start":{"line":8,"column":2},"end":{"line":8,"column":3}},"loc":{"start":{"line":8,"column":18},"end":{"line":10,"column":3}},"line":8}},"branchMap":{},"s":{"0":7,"1":5,"2":8,"3":7},"f":{"0":5,"1":8},"b":{},"_coverageSchema":"1a1c01bbd47fc00a2c39e90264f33305004495a9","hash":"b30651b755de04d1da0763b724919a4725757f0d"}
,"/home/jay/Desktop/trial/array/lib/float/byte8.js": {"path":"/home/jay/Desktop/trial/array/lib/float/byte8.js","statementMap":{"0":{"start":{"line":1,"column":18},"end":{"line":1,"column":51}},"1":{"start":{"line":5,"column":4},"end":{"line":5,"column":42}},"2":{"start":{"line":9,"column":4},"end":{"line":9,"column":24}},"3":{"start":{"line":13,"column":0},"end":{"line":13,"column":25}}},"fnMap":{"0":{"name":"(anonymous_0)","decl":{"start":{"line":4,"column":2},"end":{"line":4,"column":3}},"loc":{"start":{"line":4,"column":22},"end":{"line":6,"column":3}},"line":4},"1":{"name":"(anonymous_1)","decl":{"start":{"line":8,"column":2},"end":{"line":8,"column":3}},"loc":{"start":{"line":8,"column":18},"end":{"line":10,"column":3}},"line":8}},"branchMap":{},"s":{"0":7,"1":5,"2":8,"3":7},"f":{"0":5,"1":8},"b":{},"_coverageSchema":"1a1c01bbd47fc00a2c39e90264f33305004495a9","hash":"61fed3c99c0557729cf2c60ef87158c8d73f9e9b"}
,"/home/jay/Desktop/trial/array/lib/int/byte1.js": {"path":"/home/jay/Desktop/trial/array/lib/int/byte1.js","statementMap":{"0":{"start":{"line":1,"column":21},"end":{"line":1,"column":57}},"1":{"start":{"line":5,"column":4},"end":{"line":5,"column":39}},"2":{"start":{"line":9,"column":4},"end":{"line":9,"column":21}},"3":{"start":{"line":13,"column":0},"end":{"line":13,"column":22}}},"fnMap":{"0":{"name":"(anonymous_0)","decl":{"start":{"line":4,"column":2},"end":{"line":4,"column":3}},"loc":{"start":{"line":4,"column":22},"end":{"line":6,"column":3}},"line":4},"1":{"name":"(anonymous_1)","decl":{"start":{"line":8,"column":2},"end":{"line":8,"column":3}},"loc":{"start":{"line":8,"column":18},"end":{"line":10,"column":3}},"line":8}},"branchMap":{},"s":{"0":7,"1":54,"2":107,"3":7},"f":{"0":54,"1":107},"b":{},"_coverageSchema":"1a1c01bbd47fc00a2c39e90264f33305004495a9","hash":"02440c90ff50addc1bcd3c35f59e7cd566a158bc"}
,"/home/jay/Desktop/trial/array/lib/int/byte2.js": {"path":"/home/jay/Desktop/trial/array/lib/int/byte2.js","statementMap":{"0":{"start":{"line":1,"column":21},"end":{"line":1,"column":57}},"1":{"start":{"line":5,"column":4},"end":{"line":5,"column":40}},"2":{"start":{"line":9,"column":4},"end":{"line":9,"column":22}},"3":{"start":{"line":13,"column":0},"end":{"line":13,"column":23}}},"fnMap":{"0":{"name":"(anonymous_0)","decl":{"start":{"line":4,"column":2},"end":{"line":4,"column":3}},"loc":{"start":{"line":4,"column":22},"end":{"line":6,"column":3}},"line":4},"1":{"name":"(anonymous_1)","decl":{"start":{"line":8,"column":2},"end":{"line":8,"column":3}},"loc":{"start":{"line":8,"column":18},"end":{"line":10,"column":3}},"line":8}},"branchMap":{},"s":{"0":7,"1":3,"2":4,"3":7},"f":{"0":3,"1":4},"b":{},"_coverageSchema":"1a1c01bbd47fc00a2c39e90264f33305004495a9","hash":"743412a2f4df4a58027537f77ca416f9df5df39d"}
,"/home/jay/Desktop/trial/array/lib/int/byte4.js": {"path":"/home/jay/Desktop/trial/array/lib/int/byte4.js","statementMap":{"0":{"start":{"line":1,"column":21},"end":{"line":1,"column":57}},"1":{"start":{"line":5,"column":4},"end":{"line":5,"column":40}},"2":{"start":{"line":9,"column":4},"end":{"line":9,"column":22}},"3":{"start":{"line":13,"column":0},"end":{"line":13,"column":23}}},"fnMap":{"0":{"name":"(anonymous_0)","decl":{"start":{"line":4,"column":2},"end":{"line":4,"column":3}},"loc":{"start":{"line":4,"column":22},"end":{"line":6,"column":3}},"line":4},"1":{"name":"(anonymous_1)","decl":{"start":{"line":8,"column":2},"end":{"line":8,"column":3}},"loc":{"start":{"line":8,"column":18},"end":{"line":10,"column":3}},"line":8}},"branchMap":{},"s":{"0":7,"1":10,"2":39,"3":7},"f":{"0":10,"1":39},"b":{},"_coverageSchema":"1a1c01bbd47fc00a2c39e90264f33305004495a9","hash":"a1149967f7917113823a19e95b3600b270ffd1c7"}
,"/home/jay/Desktop/trial/array/lib/uint/byte1.js": {"path":"/home/jay/Desktop/trial/array/lib/uint/byte1.js","statementMap":{"0":{"start":{"line":1,"column":21},"end":{"line":1,"column":57}},"1":{"start":{"line":5,"column":4},"end":{"line":5,"column":40}},"2":{"start":{"line":9,"column":4},"end":{"line":9,"column":22}},"3":{"start":{"line":13,"column":0},"end":{"line":13,"column":23}}},"fnMap":{"0":{"name":"(anonymous_0)","decl":{"start":{"line":4,"column":2},"end":{"line":4,"column":3}},"loc":{"start":{"line":4,"column":22},"end":{"line":6,"column":3}},"line":4},"1":{"name":"(anonymous_1)","decl":{"start":{"line":8,"column":2},"end":{"line":8,"column":3}},"loc":{"start":{"line":8,"column":18},"end":{"line":10,"column":3}},"line":8}},"branchMap":{},"s":{"0":7,"1":3,"2":4,"3":7},"f":{"0":3,"1":4},"b":{},"_coverageSchema":"1a1c01bbd47fc00a2c39e90264f33305004495a9","hash":"202955d7945f47c70168131e672d7d15c9df870d"}
,"/home/jay/Desktop/trial/array/lib/uint/byte2.js": {"path":"/home/jay/Desktop/trial/array/lib/uint/byte2.js","statementMap":{"0":{"start":{"line":1,"column":21},"end":{"line":1,"column":57}},"1":{"start":{"line":5,"column":4},"end":{"line":5,"column":41}},"2":{"start":{"line":9,"column":4},"end":{"line":9,"column":23}},"3":{"start":{"line":13,"column":0},"end":{"line":13,"column":24}}},"fnMap":{"0":{"name":"(anonymous_0)","decl":{"start":{"line":4,"column":2},"end":{"line":4,"column":3}},"loc":{"start":{"line":4,"column":22},"end":{"line":6,"column":3}},"line":4},"1":{"name":"(anonymous_1)","decl":{"start":{"line":8,"column":2},"end":{"line":8,"column":3}},"loc":{"start":{"line":8,"column":18},"end":{"line":10,"column":3}},"line":8}},"branchMap":{},"s":{"0":7,"1":3,"2":4,"3":7},"f":{"0":3,"1":4},"b":{},"_coverageSchema":"1a1c01bbd47fc00a2c39e90264f33305004495a9","hash":"54fd45d943aefa13cbf7952b76ea6cfb3fc540d2"}
,"/home/jay/Desktop/trial/array/lib/uint/byte4.js": {"path":"/home/jay/Desktop/trial/array/lib/uint/byte4.js","statementMap":{"0":{"start":{"line":1,"column":21},"end":{"line":1,"column":57}},"1":{"start":{"line":5,"column":4},"end":{"line":5,"column":41}},"2":{"start":{"line":9,"column":4},"end":{"line":9,"column":23}},"3":{"start":{"line":13,"column":0},"end":{"line":13,"column":24}}},"fnMap":{"0":{"name":"(anonymous_0)","decl":{"start":{"line":4,"column":2},"end":{"line":4,"column":3}},"loc":{"start":{"line":4,"column":22},"end":{"line":6,"column":3}},"line":4},"1":{"name":"(anonymous_1)","decl":{"start":{"line":8,"column":2},"end":{"line":8,"column":3}},"loc":{"start":{"line":8,"column":18},"end":{"line":10,"column":3}},"line":8}},"branchMap":{},"s":{"0":7,"1":3,"2":4,"3":7},"f":{"0":3,"1":4},"b":{},"_coverageSchema":"1a1c01bbd47fc00a2c39e90264f33305004495a9","hash":"0ab8d049f786c216b8469b607099e1f6d1de7f46"}
}
