TN:
SF:main.js
FN:27,(anonymous_0)
FNF:1
FNH:1
FNDA:99,(anonymous_0)
DA:1,7
DA:2,7
DA:3,7
DA:4,7
DA:5,7
DA:6,7
DA:7,7
DA:8,7
DA:9,7
DA:10,7
DA:27,7
DA:28,99
DA:29,1
DA:33,98
DA:34,42
DA:35,39
DA:38,29
DA:39,26
DA:40,23
DA:43,20
DA:44,15
DA:47,10
DA:48,5
DA:50,1
DA:57,7
LF:25
LH:25
BRDA:27,0,0,1
BRDA:27,1,0,24
BRDA:28,2,0,1
BRDA:28,2,1,98
BRDA:33,3,0,56
BRDA:33,3,1,42
BRDA:34,4,0,3
BRDA:34,4,1,39
BRDA:35,5,0,10
BRDA:35,5,1,29
BRDA:38,6,0,3
BRDA:38,6,1,26
BRDA:39,7,0,3
BRDA:39,7,1,23
BRDA:40,8,0,3
BRDA:40,8,1,20
BRDA:43,9,0,5
BRDA:43,9,1,15
BRDA:44,10,0,5
BRDA:44,10,1,10
BRDA:47,11,0,5
BRDA:47,11,1,5
BRDA:48,12,0,4
BRDA:48,12,1,1
BRF:24
BRH:24
end_of_record
TN:
SF:lib/baseArray/baseArray.js
FN:74,(anonymous_0)
FN:94,(anonymous_1)
FN:103,(anonymous_2)
FN:112,(anonymous_3)
FN:121,(anonymous_4)
FN:131,(anonymous_5)
FN:150,(anonymous_6)
FN:163,(anonymous_7)
FN:177,(anonymous_8)
FN:190,(anonymous_9)
FN:203,(anonymous_10)
FN:220,(anonymous_11)
FN:237,(anonymous_12)
FN:241,(anonymous_13)
FN:257,(anonymous_14)
FN:270,(anonymous_15)
FN:283,(anonymous_16)
FN:296,(anonymous_17)
FN:309,(anonymous_18)
FN:322,(anonymous_19)
FN:334,(anonymous_20)
FN:346,(anonymous_21)
FN:358,(anonymous_22)
FN:370,(anonymous_23)
FN:382,(anonymous_24)
FN:394,(anonymous_25)
FN:405,(anonymous_26)
FN:417,(anonymous_27)
FN:430,(anonymous_28)
FN:442,(anonymous_29)
FN:450,(anonymous_30)
FNF:31
FNH:31
FNDA:98,(anonymous_0)
FNDA:1,(anonymous_1)
FNDA:61,(anonymous_2)
FNDA:1,(anonymous_3)
FNDA:1,(anonymous_4)
FNDA:105,(anonymous_5)
FNDA:63,(anonymous_6)
FNDA:3,(anonymous_7)
FNDA:65943,(anonymous_8)
FNDA:87,(anonymous_9)
FNDA:102,(anonymous_10)
FNDA:82,(anonymous_11)
FNDA:6,(anonymous_12)
FNDA:20,(anonymous_13)
FNDA:1,(anonymous_14)
FNDA:4,(anonymous_15)
FNDA:2,(anonymous_16)
FNDA:2,(anonymous_17)
FNDA:2,(anonymous_18)
FNDA:2,(anonymous_19)
FNDA:2,(anonymous_20)
FNDA:2,(anonymous_21)
FNDA:3,(anonymous_22)
FNDA:3,(anonymous_23)
FNDA:1,(anonymous_24)
FNDA:1,(anonymous_25)
FNDA:2,(anonymous_26)
FNDA:2,(anonymous_27)
FNDA:2,(anonymous_28)
FNDA:3,(anonymous_29)
FNDA:2,(anonymous_30)
DA:76,98
DA:77,98
DA:78,98
DA:79,98
DA:80,97
DA:83,97
DA:84,97
DA:95,1
DA:104,61
DA:113,1
DA:122,1
DA:132,105
DA:134,105
DA:135,32
DA:136,32
DA:137,1
DA:140,105
DA:151,63
DA:152,63
DA:153,61
DA:164,3
DA:165,3
DA:166,3
DA:167,3
DA:178,65943
DA:179,65941
DA:180,65941
DA:181,65941
DA:191,87
DA:192,86
DA:194,86
DA:204,102
DA:205,101
DA:206,101
DA:207,4960
DA:209,101
DA:210,101
DA:211,101
DA:221,82
DA:222,81
DA:224,81
DA:225,4769
DA:227,81
DA:228,81
DA:238,6
DA:240,6
DA:241,4
DA:242,20
DA:243,8
DA:244,4
DA:248,6
DA:258,1
DA:259,1
DA:271,4
DA:272,4
DA:273,4
DA:284,2
DA:285,2
DA:286,2
DA:297,2
DA:298,2
DA:299,2
DA:310,2
DA:311,2
DA:312,2
DA:323,2
DA:324,2
DA:335,2
DA:336,2
DA:347,2
DA:348,2
DA:359,3
DA:360,3
DA:371,3
DA:372,3
DA:383,1
DA:384,1
DA:395,1
DA:396,1
DA:406,2
DA:407,2
DA:418,2
DA:419,2
DA:420,2
DA:431,2
DA:432,2
DA:433,2
DA:443,3
DA:444,3
DA:451,2
DA:463,31
DA:464,31
DA:465,31
DA:466,165131
DA:467,31
DA:468,31
DA:478,2
DA:479,1
DA:480,1
DA:481,1
DA:482,15
DA:483,1
DA:484,1
DA:497,66164
DA:498,66154
DA:499,66151
DA:501,3
DA:502,1
DA:504,2
DA:506,10
DA:507,8
DA:509,2
DA:510,1
DA:512,1
DA:517,7
LF:115
LH:115
BRDA:134,0,0,32
BRDA:134,0,1,73
BRDA:136,1,0,1
BRDA:136,1,1,31
BRDA:151,2,0,4
BRDA:151,2,1,59
BRDA:152,3,0,2
BRDA:152,3,1,61
BRDA:152,4,0,63
BRDA:152,4,1,62
BRDA:163,5,0,1
BRDA:163,6,0,1
BRDA:164,7,0,1
BRDA:164,7,1,2
BRDA:165,8,0,1
BRDA:165,8,1,2
BRDA:166,9,0,1
BRDA:166,9,1,2
BRDA:179,10,0,25
BRDA:179,10,1,65916
BRDA:191,11,0,1
BRDA:191,11,1,86
BRDA:205,12,0,5
BRDA:205,12,1,96
BRDA:221,13,0,1
BRDA:221,13,1,81
BRDA:237,14,0,4
BRDA:240,15,0,4
BRDA:240,15,1,2
BRDA:242,16,0,12
BRDA:242,16,1,8
BRDA:243,17,0,4
BRDA:243,17,1,4
BRDA:270,18,0,4
BRDA:270,19,0,4
BRDA:283,20,0,2
BRDA:296,21,0,2
BRDA:309,22,0,2
BRDA:322,23,0,2
BRDA:334,24,0,2
BRDA:346,25,0,2
BRDA:358,26,0,3
BRDA:370,27,0,3
BRDA:382,28,0,1
BRDA:394,29,0,1
BRDA:405,30,0,2
BRDA:417,31,0,1
BRDA:430,32,0,1
BRDA:442,33,0,2
BRDA:462,34,0,30
BRDA:478,35,0,1
BRDA:478,35,1,1
BRDA:497,36,0,66154
BRDA:497,36,1,10
BRDA:498,37,0,66151
BRDA:498,37,1,3
BRDA:501,38,0,1
BRDA:501,38,1,2
BRDA:506,39,0,8
BRDA:506,39,1,2
BRDA:509,40,0,1
BRDA:509,40,1,1
BRF:62
BRH:62
end_of_record
TN:
SF:lib/baseArray/integerArray.js
FN:15,(anonymous_0)
FN:26,(anonymous_1)
FN:44,(anonymous_2)
FN:56,(anonymous_3)
FN:58,(anonymous_4)
FNF:5
FNH:5
FNDA:78,(anonymous_0)
FNDA:8,(anonymous_1)
FNDA:3,(anonymous_2)
FNDA:131616,(anonymous_3)
FNDA:65811,(anonymous_4)
DA:1,7
DA:16,78
DA:27,8
DA:29,8
DA:31,7
DA:32,7
DA:33,7
DA:34,131619
DA:35,35
DA:36,131584
DA:37,13
DA:41,7
DA:43,7
DA:44,3
DA:49,6
DA:50,2
DA:51,4
DA:52,2
DA:54,2
DA:56,131616
DA:57,6
DA:58,6
DA:59,65811
DA:60,131616
DA:63,6
DA:67,7
LF:26
LH:26
BRDA:26,0,0,7
BRDA:29,1,0,1
BRDA:29,1,1,7
BRDA:34,2,0,35
BRDA:34,2,1,131584
BRDA:36,3,0,13
BRDA:36,3,1,131571
BRDA:43,4,0,1
BRDA:43,4,1,6
BRDA:49,5,0,2
BRDA:49,5,1,4
BRDA:51,6,0,2
BRDA:51,6,1,2
BRF:13
BRH:13
end_of_record
TN:
SF:lib/bigint/byte8.js
FN:12,(anonymous_0)
FN:22,(anonymous_1)
FNF:2
FNH:2
FNDA:5,(anonymous_0)
FNDA:7,(anonymous_1)
DA:1,7
DA:13,5
DA:23,7
DA:27,7
LF:4
LH:4
BRF:0
BRH:0
end_of_record
TN:
SF:lib/biguint/byte8.js
FN:12,(anonymous_0)
FN:22,(anonymous_1)
FNF:2
FNH:2
FNDA:4,(anonymous_0)
FNDA:6,(anonymous_1)
DA:1,7
DA:13,4
DA:23,6
DA:27,7
LF:4
LH:4
BRF:0
BRH:0
end_of_record
TN:
SF:lib/float/byte4.js
FN:12,(anonymous_0)
FN:22,(anonymous_1)
FNF:2
FNH:2
FNDA:5,(anonymous_0)
FNDA:8,(anonymous_1)
DA:1,7
DA:13,5
DA:23,8
DA:27,7
LF:4
LH:4
BRF:0
BRH:0
end_of_record
TN:
SF:lib/float/byte8.js
FN:12,(anonymous_0)
FN:22,(anonymous_1)
FNF:2
FNH:2
FNDA:5,(anonymous_0)
FNDA:8,(anonymous_1)
DA:1,7
DA:13,5
DA:23,8
DA:27,7
LF:4
LH:4
BRF:0
BRH:0
end_of_record
TN:
SF:lib/int/byte1.js
FN:12,(anonymous_0)
FN:22,(anonymous_1)
FNF:2
FNH:2
FNDA:56,(anonymous_0)
FNDA:107,(anonymous_1)
DA:1,7
DA:13,56
DA:23,107
DA:27,7
LF:4
LH:4
BRF:0
BRH:0
end_of_record
TN:
SF:lib/int/byte2.js
FN:12,(anonymous_0)
FN:22,(anonymous_1)
FNF:2
FNH:2
FNDA:3,(anonymous_0)
FNDA:4,(anonymous_1)
DA:1,7
DA:13,3
DA:23,4
DA:27,7
LF:4
LH:4
BRF:0
BRH:0
end_of_record
TN:
SF:lib/int/byte4.js
FN:12,(anonymous_0)
FN:22,(anonymous_1)
FNF:2
FNH:2
FNDA:10,(anonymous_0)
FNDA:39,(anonymous_1)
DA:1,7
DA:13,10
DA:23,39
DA:27,7
LF:4
LH:4
BRF:0
BRH:0
end_of_record
TN:
SF:lib/uint/byte1.js
FN:12,(anonymous_0)
FN:22,(anonymous_1)
FNF:2
FNH:2
FNDA:3,(anonymous_0)
FNDA:4,(anonymous_1)
DA:1,7
DA:13,3
DA:23,4
DA:27,7
LF:4
LH:4
BRF:0
BRH:0
end_of_record
TN:
SF:lib/uint/byte2.js
FN:12,(anonymous_0)
FN:22,(anonymous_1)
FNF:2
FNH:2
FNDA:3,(anonymous_0)
FNDA:4,(anonymous_1)
DA:1,7
DA:13,3
DA:23,4
DA:27,7
LF:4
LH:4
BRF:0
BRH:0
end_of_record
TN:
SF:lib/uint/byte4.js
FN:12,(anonymous_0)
FN:22,(anonymous_1)
FNF:2
FNH:2
FNDA:3,(anonymous_0)
FNDA:4,(anonymous_1)
DA:1,7
DA:13,3
DA:23,4
DA:27,7
LF:4
LH:4
BRF:0
BRH:0
end_of_record
