TN:
SF:main.js
FN:12,(anonymous_0)
FNF:1
FNH:1
FNDA:63,(anonymous_0)
DA:1,7
DA:2,7
DA:3,7
DA:4,7
DA:5,7
DA:6,7
DA:7,7
DA:8,7
DA:9,7
DA:10,7
DA:12,7
DA:13,63
DA:14,1
DA:18,62
DA:19,38
DA:20,35
DA:23,25
DA:24,22
DA:25,19
DA:28,16
DA:29,12
DA:32,8
DA:33,4
DA:36,7
LF:24
LH:24
BRDA:12,0,0,1
BRDA:12,1,0,6
BRDA:13,2,0,1
BRDA:13,2,1,62
BRDA:18,3,0,24
BRDA:18,3,1,38
BRDA:19,4,0,3
BRDA:19,4,1,35
BRDA:20,5,0,10
BRDA:20,5,1,25
BRDA:23,6,0,3
BRDA:23,6,1,22
BRDA:24,7,0,3
BRDA:24,7,1,19
BRDA:25,8,0,3
BRDA:25,8,1,16
BRDA:28,9,0,4
BRDA:28,9,1,12
BRDA:29,10,0,4
BRDA:29,10,1,8
BRDA:32,11,0,4
BRDA:32,11,1,4
BRDA:33,12,0,4
BRDA:33,12,1,0
BRF:24
BRH:23
end_of_record
TN:
SF:lib/baseArray/baseArray.js
FN:72,(anonymous_0)
FN:85,(anonymous_1)
FN:90,(anonymous_2)
FN:94,(anonymous_3)
FN:98,(anonymous_4)
FN:102,(anonymous_5)
FN:113,(anonymous_6)
FN:119,(anonymous_7)
FN:126,(anonymous_8)
FN:133,(anonymous_9)
FN:140,(anonymous_10)
FN:151,(anonymous_11)
FN:162,(anonymous_12)
FN:166,(anonymous_13)
FN:176,(anonymous_14)
FN:181,(anonymous_15)
FN:186,(anonymous_16)
FN:191,(anonymous_17)
FN:196,(anonymous_18)
FN:201,(anonymous_19)
FN:206,(anonymous_20)
FN:211,(anonymous_21)
FN:216,(anonymous_22)
FN:221,(anonymous_23)
FN:226,(anonymous_24)
FN:231,(anonymous_25)
FN:236,(anonymous_26)
FN:241,(anonymous_27)
FN:246,(anonymous_28)
FN:251,(anonymous_29)
FNF:30
FNH:19
FNDA:63,(anonymous_0)
FNDA:1,(anonymous_1)
FNDA:36,(anonymous_2)
FNDA:1,(anonymous_3)
FNDA:1,(anonymous_4)
FNDA:26,(anonymous_5)
FNDA:52,(anonymous_6)
FNDA:1,(anonymous_7)
FNDA:65828,(anonymous_8)
FNDA:22,(anonymous_9)
FNDA:2,(anonymous_10)
FNDA:2,(anonymous_11)
FNDA:4,(anonymous_12)
FNDA:20,(anonymous_13)
FNDA:1,(anonymous_14)
FNDA:4,(anonymous_15)
FNDA:2,(anonymous_16)
FNDA:2,(anonymous_17)
FNDA:2,(anonymous_18)
FNDA:0,(anonymous_19)
FNDA:0,(anonymous_20)
FNDA:0,(anonymous_21)
FNDA:0,(anonymous_22)
FNDA:0,(anonymous_23)
FNDA:0,(anonymous_24)
FNDA:0,(anonymous_25)
FNDA:0,(anonymous_26)
FNDA:0,(anonymous_27)
FNDA:0,(anonymous_28)
FNDA:0,(anonymous_29)
DA:74,63
DA:75,63
DA:76,63
DA:77,63
DA:78,62
DA:81,62
DA:82,62
DA:86,1
DA:91,36
DA:95,1
DA:99,1
DA:103,26
DA:104,1
DA:105,1
DA:106,1
DA:109,26
DA:114,52
DA:115,52
DA:116,52
DA:120,1
DA:121,1
DA:122,1
DA:123,1
DA:127,65828
DA:128,65828
DA:129,65828
DA:130,65828
DA:134,22
DA:135,21
DA:136,21
DA:137,21
DA:141,2
DA:142,1
DA:143,1
DA:144,10
DA:146,1
DA:147,1
DA:148,1
DA:152,2
DA:153,1
DA:154,1
DA:155,1
DA:156,9
DA:158,1
DA:159,1
DA:163,4
DA:164,4
DA:165,4
DA:166,4
DA:167,20
DA:168,8
DA:169,4
DA:172,4
DA:177,1
DA:178,1
DA:182,4
DA:183,4
DA:187,2
DA:188,2
DA:192,2
DA:193,2
DA:197,2
DA:198,2
DA:202,0
DA:203,0
DA:207,0
DA:208,0
DA:212,0
DA:213,0
DA:217,0
DA:218,0
DA:222,0
DA:223,0
DA:227,0
DA:228,0
DA:232,0
DA:233,0
DA:237,0
DA:238,0
DA:242,0
DA:243,0
DA:247,0
DA:248,0
DA:252,0
DA:253,0
DA:258,22
DA:259,22
DA:260,22
DA:261,164511
DA:262,22
DA:263,22
DA:267,1
DA:268,1
DA:269,1
DA:270,15
DA:271,1
DA:272,1
DA:276,7
LF:98
LH:76
BRDA:103,0,0,1
BRDA:103,0,1,25
BRDA:105,1,0,1
BRDA:105,1,1,0
BRDA:114,2,0,3
BRDA:114,2,1,49
BRDA:115,3,0,0
BRDA:115,3,1,52
BRDA:115,4,0,52
BRDA:115,4,1,52
BRDA:119,5,0,0
BRDA:119,6,0,0
BRDA:120,7,0,0
BRDA:120,7,1,1
BRDA:121,8,0,0
BRDA:121,8,1,1
BRDA:122,9,0,0
BRDA:122,9,1,1
BRDA:127,10,0,0
BRDA:127,10,1,65828
BRDA:128,11,0,20
BRDA:128,11,1,65808
BRDA:134,12,0,1
BRDA:134,12,1,21
BRDA:136,13,0,1
BRDA:136,13,1,20
BRDA:141,14,0,1
BRDA:141,14,1,1
BRDA:142,15,0,1
BRDA:142,15,1,0
BRDA:152,16,0,1
BRDA:152,16,1,1
BRDA:154,17,0,0
BRDA:154,17,1,1
BRDA:162,18,0,4
BRDA:165,19,0,4
BRDA:165,19,1,0
BRDA:167,20,0,12
BRDA:167,20,1,8
BRDA:168,21,0,4
BRDA:168,21,1,4
BRDA:181,22,0,4
BRDA:181,23,0,4
BRDA:186,24,0,2
BRDA:191,25,0,2
BRDA:196,26,0,2
BRDA:201,27,0,0
BRDA:206,28,0,0
BRDA:211,29,0,0
BRDA:216,30,0,0
BRDA:221,31,0,0
BRDA:226,32,0,0
BRDA:231,33,0,0
BRDA:236,34,0,0
BRDA:241,35,0,0
BRDA:246,36,0,0
BRDA:251,37,0,0
BRDA:257,38,0,21
BRF:58
BRH:36
end_of_record
TN:
SF:lib/baseArray/integerArray.js
FN:4,(anonymous_0)
FN:8,(anonymous_1)
FN:18,(anonymous_2)
FN:30,(anonymous_3)
FN:32,(anonymous_4)
FNF:5
FNH:5
FNDA:46,(anonymous_0)
FNDA:8,(anonymous_1)
FNDA:3,(anonymous_2)
FNDA:131616,(anonymous_3)
FNDA:65811,(anonymous_4)
DA:1,7
DA:5,46
DA:9,8
DA:11,8
DA:13,7
DA:14,7
DA:15,7
DA:17,7
DA:18,3
DA:23,6
DA:24,2
DA:25,4
DA:26,2
DA:28,2
DA:30,131616
DA:31,6
DA:32,6
DA:33,65811
DA:34,65811
DA:35,131616
DA:39,6
DA:43,7
LF:22
LH:22
BRDA:8,0,0,7
BRDA:11,1,0,1
BRDA:11,1,1,7
BRDA:17,2,0,1
BRDA:17,2,1,6
BRDA:23,3,0,2
BRDA:23,3,1,4
BRDA:25,4,0,2
BRDA:25,4,1,2
BRDA:33,5,0,65811
BRDA:33,5,1,0
BRF:11
BRH:10
end_of_record
TN:
SF:lib/bigint/byte8.js
FN:4,(anonymous_0)
FN:8,(anonymous_1)
FNF:2
FNH:2
FNDA:4,(anonymous_0)
FNDA:6,(anonymous_1)
DA:1,7
DA:5,4
DA:9,6
DA:13,7
LF:4
LH:4
BRF:0
BRH:0
end_of_record
TN:
SF:lib/biguint/byte8.js
FN:4,(anonymous_0)
FN:8,(anonymous_1)
FNF:2
FNH:2
FNDA:4,(anonymous_0)
FNDA:6,(anonymous_1)
DA:1,7
DA:5,4
DA:9,6
DA:13,7
LF:4
LH:4
BRF:0
BRH:0
end_of_record
TN:
SF:lib/float/byte4.js
FN:4,(anonymous_0)
FN:8,(anonymous_1)
FNF:2
FNH:2
FNDA:4,(anonymous_0)
FNDA:6,(anonymous_1)
DA:1,7
DA:5,4
DA:9,6
DA:13,7
LF:4
LH:4
BRF:0
BRH:0
end_of_record
TN:
SF:lib/float/byte8.js
FN:4,(anonymous_0)
FN:8,(anonymous_1)
FNF:2
FNH:2
FNDA:4,(anonymous_0)
FNDA:6,(anonymous_1)
DA:1,7
DA:5,4
DA:9,6
DA:13,7
LF:4
LH:4
BRF:0
BRH:0
end_of_record
TN:
SF:lib/int/byte1.js
FN:4,(anonymous_0)
FN:8,(anonymous_1)
FNF:2
FNH:2
FNDA:24,(anonymous_0)
FNDA:43,(anonymous_1)
DA:1,7
DA:5,24
DA:9,43
DA:13,7
LF:4
LH:4
BRF:0
BRH:0
end_of_record
TN:
SF:lib/int/byte2.js
FN:4,(anonymous_0)
FN:8,(anonymous_1)
FNF:2
FNH:2
FNDA:3,(anonymous_0)
FNDA:4,(anonymous_1)
DA:1,7
DA:5,3
DA:9,4
DA:13,7
LF:4
LH:4
BRF:0
BRH:0
end_of_record
TN:
SF:lib/int/byte4.js
FN:4,(anonymous_0)
FN:8,(anonymous_1)
FNF:2
FNH:2
FNDA:10,(anonymous_0)
FNDA:39,(anonymous_1)
DA:1,7
DA:5,10
DA:9,39
DA:13,7
LF:4
LH:4
BRF:0
BRH:0
end_of_record
TN:
SF:lib/uint/byte1.js
FN:4,(anonymous_0)
FN:8,(anonymous_1)
FNF:2
FNH:2
FNDA:3,(anonymous_0)
FNDA:4,(anonymous_1)
DA:1,7
DA:5,3
DA:9,4
DA:13,7
LF:4
LH:4
BRF:0
BRH:0
end_of_record
TN:
SF:lib/uint/byte2.js
FN:4,(anonymous_0)
FN:8,(anonymous_1)
FNF:2
FNH:2
FNDA:3,(anonymous_0)
FNDA:4,(anonymous_1)
DA:1,7
DA:5,3
DA:9,4
DA:13,7
LF:4
LH:4
BRF:0
BRH:0
end_of_record
TN:
SF:lib/uint/byte4.js
FN:4,(anonymous_0)
FN:8,(anonymous_1)
FNF:2
FNH:2
FNDA:3,(anonymous_0)
FNDA:4,(anonymous_1)
DA:1,7
DA:5,3
DA:9,4
DA:13,7
LF:4
LH:4
BRF:0
BRH:0
end_of_record
